#
# A fatal error has been detected by the Java Runtime Environment:
#
#  EXCEPTION_ACCESS_VIOLATION (0xc0000005) at pc=0x0000000000000000, pid=15288, tid=11124
#
# JRE version: Java(TM) SE Runtime Environment (24.0+36) (build 24+36-3646)
# Java VM: Java HotSpot(TM) 64-Bit Server VM (24+36-3646, mixed mode, sharing, tiered, compressed oops, compressed class ptrs, g1 gc, windows-amd64)
# Problematic frame:
# C  [jniRaylib.dll+0x116e58]
#
# No core dump will be written. Minidumps are not enabled by default on client versions of Windows
#
# If you would like to submit a bug report, please visit:
#   https://bugreport.java.com/bugreport/crash.jsp
# The crash happened outside the Java Virtual Machine in native code.
# See problematic frame for where to report the bug.
#

---------------  S U M M A R Y ------------

Command Line: app.Main

Host: AMD Ryzen 5 1600 Six-Core Processor            , 12 cores, 31G,  Windows 10 , 64 bit Build 19041 (10.0.19041.5794)
Time: Mon Jun  9 21:18:54 2025 Hora oficial do Brasil elapsed time: 0.485990 seconds (0d 0h 0m 0s)

---------------  T H R E A D  ---------------

Current thread (0x00000208d1b6c140):  JavaThread "main"             [_thread_in_native, id=11124, stack(0x00000026d8c00000,0x00000026d8d00000) (1024K)]

Stack: [0x00000026d8c00000,0x00000026d8d00000],  sp=0x00000026d8cfee20,  free space=1019k
Native frames: (J=compiled Java code, j=interpreted, Vv=VM code, C=native code)

Java frames: (J=compiled Java code, j=interpreted, Vv=VM code)
j  com.raylib.Raylib.LoadTexture(Ljava/lang/String;)Lcom/raylib/Raylib$Texture;+0
j  jogo.Tabuleiro.<init>()V+13
j  jogo.Jogo.NovoJogo(I)V+5
j  app.Main.main([Ljava/lang/String;)V+12
v  ~StubRoutines::call_stub 0x00000208e3c20fcd

siginfo: EXCEPTION_ACCESS_VIOLATION (0xc0000005), data execution prevention violation at address 0x0000000000000000


Registers:
RAX=0x0000103961661c9f, RBX=0x0000000000000007, RCX=0x0000000000000de1, RDX=0x0000000000000000
RSP=0x00000026d8cfee18, RBP=0x0000000000000020, RSI=0x0000000000000020, RDI=0x00000208c66339c0
R8 =0x0000000000000010, R9 =0x0000000000000007, R10=0x0000000000008000, R11=0x00000026d8cfee50
R12=0x0000000000000000, R13=0x00000208c66339c0, R14=0x0000000000000000, R15=0x0000000000000010
RIP=0x0000000000000000, EFLAGS=0x0000000000010246

XMM[0]=0x0000001000000020 0x00000208c66339c0
XMM[1]=0x0000000000000000 0x0000000700000001
XMM[2]=0x0000000000000000 0x0000000000000000
XMM[3]=0x0000000000000000 0x0000000000000000
XMM[4]=0x0000000000000000 0x0000000000000000
XMM[5]=0x0000000000000000 0x0000000000000000
XMM[6]=0x0000000000000000 0x0000000000000000
XMM[7]=0x0000000000000000 0x0000000000000000
XMM[8]=0x0000000000000000 0x0000000000000000
XMM[9]=0x0000000000000000 0x0000000000000000
XMM[10]=0x0000000000000000 0x0000000000000000
XMM[11]=0x0000000000000000 0x0000000000000000
XMM[12]=0x0000000000000000 0x0000000000000000
XMM[13]=0x0000000000000000 0x0000000000000000
XMM[14]=0x0000000000000000 0x0000000000000000
XMM[15]=0x0000000000000000 0x0000000000000000
  MXCSR=0x00001fa0


Register to memory mapping:

RAX=0x0000103961661c9f is an unknown value
RBX=0x0000000000000007 is an unknown value
RCX=0x0000000000000de1 is an unknown value
RDX=0x0 is null
RSP=0x00000026d8cfee18 is pointing into the stack for thread: 0x00000208d1b6c140
RBP=0x0000000000000020 is an unknown value
RSI=0x0000000000000020 is an unknown value
RDI=0x00000208c66339c0 points into unknown readable memory: 0x0000000000000000 | 00 00 00 00 00 00 00 00
R8 =0x0000000000000010 is an unknown value
R9 =0x0000000000000007 is an unknown value
R10=0x0000000000008000 is an unknown value
R11=0x00000026d8cfee50 is pointing into the stack for thread: 0x00000208d1b6c140
R12=0x0 is null
R13=0x00000208c66339c0 points into unknown readable memory: 0x0000000000000000 | 00 00 00 00 00 00 00 00
R14=0x0 is null
R15=0x0000000000000010 is an unknown value

Top of Stack: (sp=0x00000026d8cfee18)
0x00000026d8cfee18:   00007ffcf6006e58 00000208d1c40000   Xn..............
0x00000026d8cfee28:   00000026d8cfee48 00000208d1b4bd00   H...&...........
0x00000026d8cfee38:   00007ffd0ffe92e7 0000020800000004   ................
0x00000026d8cfee48:   0000002600000004 00000208d1b6c140   ....&...@.......
0x00000026d8cfee58:   0000000000000000 00000208c14281b0   ..........B.....
0x00000026d8cfee68:   0000000000000000 0000020800000000   ................
0x00000026d8cfee78:   00007ffd128547b1 0000001000000020   .G...... .......
0x00000026d8cfee88:   00000208d1b40000 0000000000000000   ................
0x00000026d8cfee98:   0000103961661c9f 0000000000000000   ..fa9...........
0x00000026d8cfeea8:   0000020800000000 00000208c520b940   ........@. .....
0x00000026d8cfeeb8:   00007ffd0ffdf05b 00000208d1b6c140   [.......@.......
0x00000026d8cfeec8:   0000000000000001 00000208c14281b0   ..........B.....
0x00000026d8cfeed8:   0000000000000007 00000026d8cfefd0   ............&...
0x00000026d8cfeee8:   00007ffcf5fd3f7f 0000000000000000   .?..............
0x00000026d8cfeef8:   0000020800000000 00000026d8cfefd0   ............&...
0x00000026d8cfef08:   0000000000000000 0000020800000001   ................
0x00000026d8cfef18:   00000208c1009538 0000002600000000   8...........&...
0x00000026d8cfef28:   00007ffd0ffdfde6 0000000000000000   ................
0x00000026d8cfef38:   00000208c66339c0 0000001000000020   .9c..... .......
0x00000026d8cfef48:   0000000700000001 00000208c66339c0   .........9c.....
0x00000026d8cfef58:   0000001000000020 0000000700000001    ...............
0x00000026d8cfef68:   00000208c5ddae30 00000208c5ddae30   0.......0.......
0x00000026d8cfef78:   00000208d1b6c508 00000208c5ddae70   ........p.......
0x00000026d8cfef88:   00007ffcf5f4097b 0000002600000101   {...........&...
0x00000026d8cfef98:   00000208c14281b8 00000026d8cff080   ..B.........&...
0x00000026d8cfefa8:   00000208d1b6c140 0000000000000199   @...............
0x00000026d8cfefb8:   00000208d1b6c140 00000208c5ddae30   @.......0.......
0x00000026d8cfefc8:   00000208d1b6c140 0000000000000000   @...............
0x00000026d8cfefd8:   0000000000000000 0000020800000000   ................
0x00000026d8cfefe8:   00000208c14281b8 00000026d8cff0a0   ..B.........&...
0x00000026d8cfeff8:   00000000000005e2 00000208c1009538   ........8.......
0x00000026d8cff008:   00000208e3c2ce20 00000208d1b6c508    ...............

Instructions: (pc=0x00007ffcf6006e58)
  0x00007ffcf6006d58:   e8 33 59 07 00 4c 8d 44 24 50 c7 44 24 50 00 00
  0x00007ffcf6006d68:   00 00 ba 84 8b 00 00 8b ce ff 15 39 e6 10 00 48
  0x00007ffcf6006d78:   63 44 24 50 85 c0 7e 4d 48 8b c8 c7 44 24 20 00
  0x00007ffcf6006d88:   00 00 00 ba 01 00 00 00 ff 15 6a 98 08 00 8b 54
  0x00007ffcf6006d98:   24 50 4c 8d 44 24 20 4c 8b c8 8b ce 48 8b d8 ff
  0x00007ffcf6006da8:   15 6b e5 10 00 4c 8b cb 48 8d 15 01 75 09 00 44
  0x00007ffcf6006db8:   8b c6 b9 04 00 00 00 e8 cc 58 07 00 48 8b cb ff
  0x00007ffcf6006dc8:   15 43 98 08 00 8b ce ff 15 0b df 10 00 33 c0 48
  0x00007ffcf6006dd8:   8b 5c 24 40 48 8b 74 24 48 48 83 c4 30 5f c3 48
  0x00007ffcf6006de8:   8d 15 ea 74 09 00 b9 03 00 00 00 e8 98 58 07 00
  0x00007ffcf6006df8:   48 8b 5c 24 40 8b c6 48 8b 74 24 48 48 83 c4 30
  0x00007ffcf6006e08:   5f c3 cc cc cc cc cc cc 40 53 55 41 55 41 56 41
  0x00007ffcf6006e18:   57 48 81 ec a0 00 00 00 48 8b 05 21 b7 10 00 48
  0x00007ffcf6006e28:   33 c4 48 89 44 24 78 8b ea 89 54 24 60 4c 8b e9
  0x00007ffcf6006e38:   44 89 44 24 64 45 33 f6 33 d2 b9 e1 0d 00 00 44
  0x00007ffcf6006e48:   89 74 24 50 41 8b d9 45 8b f8 ff 15 a8 da 10 00
=>0x00007ffcf6006e58:   44 38 35 b0 10 11 00 75 1d 8d 43 f2 83 f8 03 77
  0x00007ffcf6006e68:   15 48 8d 15 d8 6c 09 00 41 8d 4e 04 e8 17 58 07
  0x00007ffcf6006e78:   00 e9 0a 04 00 00 44 38 35 8b 10 11 00 75 19 83
  0x00007ffcf6006e88:   fb 12 75 14 48 8d 15 e5 6c 09 00 8d 4b f2 e8 f5
  0x00007ffcf6006e98:   57 07 00 e9 e8 03 00 00 44 38 35 6a 10 11 00 75
  0x00007ffcf6006ea8:   1e 8d 43 ed 83 f8 01 77 16 48 8d 15 f8 6c 09 00
  0x00007ffcf6006eb8:   b9 04 00 00 00 e8 ce 57 07 00 e9 c1 03 00 00 44
  0x00007ffcf6006ec8:   38 35 44 10 11 00 75 1e 8d 43 eb 83 f8 01 77 16
  0x00007ffcf6006ed8:   48 8d 15 09 6d 09 00 b9 04 00 00 00 e8 a7 57 07
  0x00007ffcf6006ee8:   00 e9 9a 03 00 00 44 38 35 1e 10 11 00 75 1e 8d
  0x00007ffcf6006ef8:   43 e9 83 f8 01 77 16 48 8d 15 1a 6d 09 00 b9 04
  0x00007ffcf6006f08:   00 00 00 e8 80 57 07 00 e9 73 03 00 00 48 89 b4
  0x00007ffcf6006f18:   24 98 00 00 00 ba 01 00 00 00 48 89 bc 24 90 00
  0x00007ffcf6006f28:   00 00 b9 f5 0c 00 00 4c 89 a4 24 88 00 00 00 ff
  0x00007ffcf6006f38:   15 db ec 10 00 48 8d 54 24 50 b9 01 00 00 00 ff
  0x00007ffcf6006f48:   15 03 e1 10 00 8b 54 24 50 b9 e1 0d 00 00 ff 15


Stack slot to memory mapping:

stack at sp + 0 slots: 0x00000208d1c40000 points into unknown readable memory: 0x0000000000000000 | 00 00 00 00 00 00 00 00
stack at sp + 1 slots: 0x00000026d8cfee48 is pointing into the stack for thread: 0x00000208d1b6c140
stack at sp + 2 slots: 0x00000208d1b4bd00 points into unknown readable memory: 0x0000000000000000 | 00 00 00 00 00 00 00 00
stack at sp + 3 slots: 0x00007ffd0ffe92e7 ucrtbase.dll
stack at sp + 4 slots: 0x0000020800000004 is an unknown value
stack at sp + 5 slots: 0x0000002600000004 is an unknown value
stack at sp + 6 slots: 0x00000208d1b6c140 is a thread
stack at sp + 7 slots: 0x0 is null

Lock stack of current Java thread (top to bottom):


---------------  P R O C E S S  ---------------

Threads class SMR info:
_java_thread_list=0x00000208c51a4ba0, length=14, elements={
0x00000208d1b6c140, 0x00000208f82ddf60, 0x00000208f82de6a0, 0x00000208c50129d0,
0x00000208c5013780, 0x00000208c5014a50, 0x00000208c5015d20, 0x00000208c501f630,
0x00000208c5020d70, 0x00000208c50c9210, 0x00000208c50d51b0, 0x00000208c51f0620,
0x00000208c5201250, 0x00000208c5a8f860
}

Java Threads: ( => current thread )
=>0x00000208d1b6c140 JavaThread "main"                              [_thread_in_native, id=11124, stack(0x00000026d8c00000,0x00000026d8d00000) (1024K)]
  0x00000208f82ddf60 JavaThread "Reference Handler"          daemon [_thread_blocked, id=12672, stack(0x00000026d9400000,0x00000026d9500000) (1024K)]
  0x00000208f82de6a0 JavaThread "Finalizer"                  daemon [_thread_blocked, id=10404, stack(0x00000026d9500000,0x00000026d9600000) (1024K)]
  0x00000208c50129d0 JavaThread "Signal Dispatcher"          daemon [_thread_blocked, id=15132, stack(0x00000026d9600000,0x00000026d9700000) (1024K)]
  0x00000208c5013780 JavaThread "Attach Listener"            daemon [_thread_blocked, id=8796, stack(0x00000026d9700000,0x00000026d9800000) (1024K)]
  0x00000208c5014a50 JavaThread "Service Thread"             daemon [_thread_blocked, id=12888, stack(0x00000026d9800000,0x00000026d9900000) (1024K)]
  0x00000208c5015d20 JavaThread "Monitor Deflation Thread"   daemon [_thread_blocked, id=10880, stack(0x00000026d9900000,0x00000026d9a00000) (1024K)]
  0x00000208c501f630 JavaThread "C2 CompilerThread0"         daemon [_thread_blocked, id=7884, stack(0x00000026d9a00000,0x00000026d9b00000) (1024K)]
  0x00000208c5020d70 JavaThread "C1 CompilerThread0"         daemon [_thread_blocked, id=8596, stack(0x00000026d9b00000,0x00000026d9c00000) (1024K)]
  0x00000208c50c9210 JavaThread "Notification Thread"        daemon [_thread_blocked, id=6448, stack(0x00000026d9c00000,0x00000026d9d00000) (1024K)]
  0x00000208c50d51b0 JavaThread "Common-Cleaner"             daemon [_thread_blocked, id=17708, stack(0x00000026d9d00000,0x00000026d9e00000) (1024K)]
  0x00000208c51f0620 JavaThread "C2 CompilerThread1"         daemon [_thread_blocked, id=15920, stack(0x00000026d9e00000,0x00000026d9f00000) (1024K)]
  0x00000208c5201250 JavaThread "JavaCPP Deallocator"        daemon [_thread_blocked, id=4536, stack(0x00000026d9f00000,0x00000026da000000) (1024K)]
  0x00000208c5a8f860 JavaThread "C2 CompilerThread2"         daemon [_thread_blocked, id=8004, stack(0x00000026da000000,0x00000026da100000) (1024K)]
Total: 14

Other Threads:
  0x00000208f82cd860 VMThread "VM Thread"                           [id=10076, stack(0x00000026d9300000,0x00000026d9400000) (1024K)]
  0x00000208f82bd870 WatcherThread "VM Periodic Task Thread"        [id=14904, stack(0x00000026d9200000,0x00000026d9300000) (1024K)]
  0x00000208d3ee78e0 WorkerThread "GC Thread#0"                     [id=15792, stack(0x00000026d8d00000,0x00000026d8e00000) (1024K)]
  0x00000208d3efca20 ConcurrentGCThread "G1 Main Marker"            [id=1104, stack(0x00000026d8e00000,0x00000026d8f00000) (1024K)]
  0x00000208d3efdcd0 WorkerThread "G1 Conc#0"                       [id=7380, stack(0x00000026d8f00000,0x00000026d9000000) (1024K)]
  0x00000208f8181d10 ConcurrentGCThread "G1 Refine#0"               [id=924, stack(0x00000026d9000000,0x00000026d9100000) (1024K)]
  0x00000208f81857b0 ConcurrentGCThread "G1 Service"                [id=5060, stack(0x00000026d9100000,0x00000026d9200000) (1024K)]
Total: 7

Threads with active compile tasks:
Total: 0

VM state: not at safepoint (normal execution)

VM Mutex/Monitor currently owned by a thread: None

Heap address: 0x0000000600c00000, size: 8180 MB, Compressed Oops mode: Zero based, Oop shift amount: 3

CDS archive(s) mapped at: [0x0000020880000000-0x0000020880d40000-0x0000020880d40000), size 13893632, SharedBaseAddress: 0x0000020880000000, ArchiveRelocationMode: 1.
Compressed class space mapped at: 0x0000020881000000-0x00000208c1000000, reserved size: 1073741824
UseCompressedClassPointers 1, UseCompactObjectHeaders 0
Narrow klass pointer bits 32, Max shift 3
Narrow klass base: 0x0000020880000000, Narrow klass shift: 0
Encoding Range: [0x0000020880000000 - 0x0000020980000000), (4294967296 bytes)
Klass Range:    [0x0000020880000000 - 0x00000208c1000000), (1090519040 bytes)
Klass ID Range:  [8 - 1090519033) (1090519025)

GC Precious Log:
 CardTable entry size: 512
 Card Set container configuration: InlinePtr #cards 4 size 8 Array Of Cards #cards 32 size 80 Howl #buckets 8 coarsen threshold 7372 Howl Bitmap #cards 1024 size 144 coarsen threshold 921 Card regions per heap region 1 cards per card region 8192
 CPUs: 12 total, 12 available
 Memory: 32719M
 Large Page Support: Disabled
 NUMA Support: Disabled
 Compressed Oops: Enabled (Zero based)
 Heap Region Size: 4M
 Heap Min Capacity: 8M
 Heap Initial Capacity: 512M
 Heap Max Capacity: 8180M
 Pre-touch: Disabled
 Parallel Workers: 10
 Concurrent Workers: 3
 Concurrent Refinement Workers: 10
 Periodic GC: Disabled

Heap:
 garbage-first heap   total reserved 8376320K, committed 528384K, used 17524K [0x0000000600c00000, 0x0000000800000000)
  region size 4096K, 5 young (20480K), 0 survivors (0K)
 Metaspace       used 2202K, committed 2304K, reserved 1114112K
  class space    used 180K, committed 256K, reserved 1048576K

Heap Regions: E=young(eden), S=young(survivor), O=old, HS=humongous(starts), HC=humongous(continues), CS=collection set, F=free, TAMS=top-at-mark-start, PB=parsable bottom
|   0|0x0000000600c00000, 0x0000000600c00000, 0x0000000601000000|  0%| F|  |TAMS 0x0000000600c00000| PB 0x0000000600c00000| Untracked |  0
|   1|0x0000000601000000, 0x0000000601000000, 0x0000000601400000|  0%| F|  |TAMS 0x0000000601000000| PB 0x0000000601000000| Untracked |  0
|   2|0x0000000601400000, 0x0000000601400000, 0x0000000601800000|  0%| F|  |TAMS 0x0000000601400000| PB 0x0000000601400000| Untracked |  0
|   3|0x0000000601800000, 0x0000000601800000, 0x0000000601c00000|  0%| F|  |TAMS 0x0000000601800000| PB 0x0000000601800000| Untracked |  0
|   4|0x0000000601c00000, 0x0000000601c00000, 0x0000000602000000|  0%| F|  |TAMS 0x0000000601c00000| PB 0x0000000601c00000| Untracked |  0
|   5|0x0000000602000000, 0x0000000602000000, 0x0000000602400000|  0%| F|  |TAMS 0x0000000602000000| PB 0x0000000602000000| Untracked |  0
|   6|0x0000000602400000, 0x0000000602400000, 0x0000000602800000|  0%| F|  |TAMS 0x0000000602400000| PB 0x0000000602400000| Untracked |  0
|   7|0x0000000602800000, 0x0000000602800000, 0x0000000602c00000|  0%| F|  |TAMS 0x0000000602800000| PB 0x0000000602800000| Untracked |  0
|   8|0x0000000602c00000, 0x0000000602c00000, 0x0000000603000000|  0%| F|  |TAMS 0x0000000602c00000| PB 0x0000000602c00000| Untracked |  0
|   9|0x0000000603000000, 0x0000000603000000, 0x0000000603400000|  0%| F|  |TAMS 0x0000000603000000| PB 0x0000000603000000| Untracked |  0
|  10|0x0000000603400000, 0x0000000603400000, 0x0000000603800000|  0%| F|  |TAMS 0x0000000603400000| PB 0x0000000603400000| Untracked |  0
|  11|0x0000000603800000, 0x0000000603800000, 0x0000000603c00000|  0%| F|  |TAMS 0x0000000603800000| PB 0x0000000603800000| Untracked |  0
|  12|0x0000000603c00000, 0x0000000603c00000, 0x0000000604000000|  0%| F|  |TAMS 0x0000000603c00000| PB 0x0000000603c00000| Untracked |  0
|  13|0x0000000604000000, 0x0000000604000000, 0x0000000604400000|  0%| F|  |TAMS 0x0000000604000000| PB 0x0000000604000000| Untracked |  0
|  14|0x0000000604400000, 0x0000000604400000, 0x0000000604800000|  0%| F|  |TAMS 0x0000000604400000| PB 0x0000000604400000| Untracked |  0
|  15|0x0000000604800000, 0x0000000604800000, 0x0000000604c00000|  0%| F|  |TAMS 0x0000000604800000| PB 0x0000000604800000| Untracked |  0
|  16|0x0000000604c00000, 0x0000000604c00000, 0x0000000605000000|  0%| F|  |TAMS 0x0000000604c00000| PB 0x0000000604c00000| Untracked |  0
|  17|0x0000000605000000, 0x0000000605000000, 0x0000000605400000|  0%| F|  |TAMS 0x0000000605000000| PB 0x0000000605000000| Untracked |  0
|  18|0x0000000605400000, 0x0000000605400000, 0x0000000605800000|  0%| F|  |TAMS 0x0000000605400000| PB 0x0000000605400000| Untracked |  0
|  19|0x0000000605800000, 0x0000000605800000, 0x0000000605c00000|  0%| F|  |TAMS 0x0000000605800000| PB 0x0000000605800000| Untracked |  0
|  20|0x0000000605c00000, 0x0000000605c00000, 0x0000000606000000|  0%| F|  |TAMS 0x0000000605c00000| PB 0x0000000605c00000| Untracked |  0
|  21|0x0000000606000000, 0x0000000606000000, 0x0000000606400000|  0%| F|  |TAMS 0x0000000606000000| PB 0x0000000606000000| Untracked |  0
|  22|0x0000000606400000, 0x0000000606400000, 0x0000000606800000|  0%| F|  |TAMS 0x0000000606400000| PB 0x0000000606400000| Untracked |  0
|  23|0x0000000606800000, 0x0000000606800000, 0x0000000606c00000|  0%| F|  |TAMS 0x0000000606800000| PB 0x0000000606800000| Untracked |  0
|  24|0x0000000606c00000, 0x0000000606c00000, 0x0000000607000000|  0%| F|  |TAMS 0x0000000606c00000| PB 0x0000000606c00000| Untracked |  0
|  25|0x0000000607000000, 0x0000000607000000, 0x0000000607400000|  0%| F|  |TAMS 0x0000000607000000| PB 0x0000000607000000| Untracked |  0
|  26|0x0000000607400000, 0x0000000607400000, 0x0000000607800000|  0%| F|  |TAMS 0x0000000607400000| PB 0x0000000607400000| Untracked |  0
|  27|0x0000000607800000, 0x0000000607800000, 0x0000000607c00000|  0%| F|  |TAMS 0x0000000607800000| PB 0x0000000607800000| Untracked |  0
|  28|0x0000000607c00000, 0x0000000607c00000, 0x0000000608000000|  0%| F|  |TAMS 0x0000000607c00000| PB 0x0000000607c00000| Untracked |  0
|  29|0x0000000608000000, 0x0000000608000000, 0x0000000608400000|  0%| F|  |TAMS 0x0000000608000000| PB 0x0000000608000000| Untracked |  0
|  30|0x0000000608400000, 0x0000000608400000, 0x0000000608800000|  0%| F|  |TAMS 0x0000000608400000| PB 0x0000000608400000| Untracked |  0
|  31|0x0000000608800000, 0x0000000608800000, 0x0000000608c00000|  0%| F|  |TAMS 0x0000000608800000| PB 0x0000000608800000| Untracked |  0
|  32|0x0000000608c00000, 0x0000000608c00000, 0x0000000609000000|  0%| F|  |TAMS 0x0000000608c00000| PB 0x0000000608c00000| Untracked |  0
|  33|0x0000000609000000, 0x0000000609000000, 0x0000000609400000|  0%| F|  |TAMS 0x0000000609000000| PB 0x0000000609000000| Untracked |  0
|  34|0x0000000609400000, 0x0000000609400000, 0x0000000609800000|  0%| F|  |TAMS 0x0000000609400000| PB 0x0000000609400000| Untracked |  0
|  35|0x0000000609800000, 0x0000000609800000, 0x0000000609c00000|  0%| F|  |TAMS 0x0000000609800000| PB 0x0000000609800000| Untracked |  0
|  36|0x0000000609c00000, 0x0000000609c00000, 0x000000060a000000|  0%| F|  |TAMS 0x0000000609c00000| PB 0x0000000609c00000| Untracked |  0
|  37|0x000000060a000000, 0x000000060a000000, 0x000000060a400000|  0%| F|  |TAMS 0x000000060a000000| PB 0x000000060a000000| Untracked |  0
|  38|0x000000060a400000, 0x000000060a400000, 0x000000060a800000|  0%| F|  |TAMS 0x000000060a400000| PB 0x000000060a400000| Untracked |  0
|  39|0x000000060a800000, 0x000000060a800000, 0x000000060ac00000|  0%| F|  |TAMS 0x000000060a800000| PB 0x000000060a800000| Untracked |  0
|  40|0x000000060ac00000, 0x000000060ac00000, 0x000000060b000000|  0%| F|  |TAMS 0x000000060ac00000| PB 0x000000060ac00000| Untracked |  0
|  41|0x000000060b000000, 0x000000060b000000, 0x000000060b400000|  0%| F|  |TAMS 0x000000060b000000| PB 0x000000060b000000| Untracked |  0
|  42|0x000000060b400000, 0x000000060b400000, 0x000000060b800000|  0%| F|  |TAMS 0x000000060b400000| PB 0x000000060b400000| Untracked |  0
|  43|0x000000060b800000, 0x000000060b800000, 0x000000060bc00000|  0%| F|  |TAMS 0x000000060b800000| PB 0x000000060b800000| Untracked |  0
|  44|0x000000060bc00000, 0x000000060bc00000, 0x000000060c000000|  0%| F|  |TAMS 0x000000060bc00000| PB 0x000000060bc00000| Untracked |  0
|  45|0x000000060c000000, 0x000000060c000000, 0x000000060c400000|  0%| F|  |TAMS 0x000000060c000000| PB 0x000000060c000000| Untracked |  0
|  46|0x000000060c400000, 0x000000060c400000, 0x000000060c800000|  0%| F|  |TAMS 0x000000060c400000| PB 0x000000060c400000| Untracked |  0
|  47|0x000000060c800000, 0x000000060c800000, 0x000000060cc00000|  0%| F|  |TAMS 0x000000060c800000| PB 0x000000060c800000| Untracked |  0
|  48|0x000000060cc00000, 0x000000060cc00000, 0x000000060d000000|  0%| F|  |TAMS 0x000000060cc00000| PB 0x000000060cc00000| Untracked |  0
|  49|0x000000060d000000, 0x000000060d000000, 0x000000060d400000|  0%| F|  |TAMS 0x000000060d000000| PB 0x000000060d000000| Untracked |  0
|  50|0x000000060d400000, 0x000000060d400000, 0x000000060d800000|  0%| F|  |TAMS 0x000000060d400000| PB 0x000000060d400000| Untracked |  0
|  51|0x000000060d800000, 0x000000060d800000, 0x000000060dc00000|  0%| F|  |TAMS 0x000000060d800000| PB 0x000000060d800000| Untracked |  0
|  52|0x000000060dc00000, 0x000000060dc00000, 0x000000060e000000|  0%| F|  |TAMS 0x000000060dc00000| PB 0x000000060dc00000| Untracked |  0
|  53|0x000000060e000000, 0x000000060e000000, 0x000000060e400000|  0%| F|  |TAMS 0x000000060e000000| PB 0x000000060e000000| Untracked |  0
|  54|0x000000060e400000, 0x000000060e400000, 0x000000060e800000|  0%| F|  |TAMS 0x000000060e400000| PB 0x000000060e400000| Untracked |  0
|  55|0x000000060e800000, 0x000000060e800000, 0x000000060ec00000|  0%| F|  |TAMS 0x000000060e800000| PB 0x000000060e800000| Untracked |  0
|  56|0x000000060ec00000, 0x000000060ec00000, 0x000000060f000000|  0%| F|  |TAMS 0x000000060ec00000| PB 0x000000060ec00000| Untracked |  0
|  57|0x000000060f000000, 0x000000060f000000, 0x000000060f400000|  0%| F|  |TAMS 0x000000060f000000| PB 0x000000060f000000| Untracked |  0
|  58|0x000000060f400000, 0x000000060f400000, 0x000000060f800000|  0%| F|  |TAMS 0x000000060f400000| PB 0x000000060f400000| Untracked |  0
|  59|0x000000060f800000, 0x000000060f800000, 0x000000060fc00000|  0%| F|  |TAMS 0x000000060f800000| PB 0x000000060f800000| Untracked |  0
|  60|0x000000060fc00000, 0x000000060fc00000, 0x0000000610000000|  0%| F|  |TAMS 0x000000060fc00000| PB 0x000000060fc00000| Untracked |  0
|  61|0x0000000610000000, 0x0000000610000000, 0x0000000610400000|  0%| F|  |TAMS 0x0000000610000000| PB 0x0000000610000000| Untracked |  0
|  62|0x0000000610400000, 0x0000000610400000, 0x0000000610800000|  0%| F|  |TAMS 0x0000000610400000| PB 0x0000000610400000| Untracked |  0
|  63|0x0000000610800000, 0x0000000610800000, 0x0000000610c00000|  0%| F|  |TAMS 0x0000000610800000| PB 0x0000000610800000| Untracked |  0
|  64|0x0000000610c00000, 0x0000000610c00000, 0x0000000611000000|  0%| F|  |TAMS 0x0000000610c00000| PB 0x0000000610c00000| Untracked |  0
|  65|0x0000000611000000, 0x0000000611000000, 0x0000000611400000|  0%| F|  |TAMS 0x0000000611000000| PB 0x0000000611000000| Untracked |  0
|  66|0x0000000611400000, 0x0000000611400000, 0x0000000611800000|  0%| F|  |TAMS 0x0000000611400000| PB 0x0000000611400000| Untracked |  0
|  67|0x0000000611800000, 0x0000000611800000, 0x0000000611c00000|  0%| F|  |TAMS 0x0000000611800000| PB 0x0000000611800000| Untracked |  0
|  68|0x0000000611c00000, 0x0000000611c00000, 0x0000000612000000|  0%| F|  |TAMS 0x0000000611c00000| PB 0x0000000611c00000| Untracked |  0
|  69|0x0000000612000000, 0x0000000612000000, 0x0000000612400000|  0%| F|  |TAMS 0x0000000612000000| PB 0x0000000612000000| Untracked |  0
|  70|0x0000000612400000, 0x0000000612400000, 0x0000000612800000|  0%| F|  |TAMS 0x0000000612400000| PB 0x0000000612400000| Untracked |  0
|  71|0x0000000612800000, 0x0000000612800000, 0x0000000612c00000|  0%| F|  |TAMS 0x0000000612800000| PB 0x0000000612800000| Untracked |  0
|  72|0x0000000612c00000, 0x0000000612c00000, 0x0000000613000000|  0%| F|  |TAMS 0x0000000612c00000| PB 0x0000000612c00000| Untracked |  0
|  73|0x0000000613000000, 0x0000000613000000, 0x0000000613400000|  0%| F|  |TAMS 0x0000000613000000| PB 0x0000000613000000| Untracked |  0
|  74|0x0000000613400000, 0x0000000613400000, 0x0000000613800000|  0%| F|  |TAMS 0x0000000613400000| PB 0x0000000613400000| Untracked |  0
|  75|0x0000000613800000, 0x0000000613800000, 0x0000000613c00000|  0%| F|  |TAMS 0x0000000613800000| PB 0x0000000613800000| Untracked |  0
|  76|0x0000000613c00000, 0x0000000613c00000, 0x0000000614000000|  0%| F|  |TAMS 0x0000000613c00000| PB 0x0000000613c00000| Untracked |  0
|  77|0x0000000614000000, 0x0000000614000000, 0x0000000614400000|  0%| F|  |TAMS 0x0000000614000000| PB 0x0000000614000000| Untracked |  0
|  78|0x0000000614400000, 0x0000000614400000, 0x0000000614800000|  0%| F|  |TAMS 0x0000000614400000| PB 0x0000000614400000| Untracked |  0
|  79|0x0000000614800000, 0x0000000614800000, 0x0000000614c00000|  0%| F|  |TAMS 0x0000000614800000| PB 0x0000000614800000| Untracked |  0
|  80|0x0000000614c00000, 0x0000000614c00000, 0x0000000615000000|  0%| F|  |TAMS 0x0000000614c00000| PB 0x0000000614c00000| Untracked |  0
|  81|0x0000000615000000, 0x0000000615000000, 0x0000000615400000|  0%| F|  |TAMS 0x0000000615000000| PB 0x0000000615000000| Untracked |  0
|  82|0x0000000615400000, 0x0000000615400000, 0x0000000615800000|  0%| F|  |TAMS 0x0000000615400000| PB 0x0000000615400000| Untracked |  0
|  83|0x0000000615800000, 0x0000000615800000, 0x0000000615c00000|  0%| F|  |TAMS 0x0000000615800000| PB 0x0000000615800000| Untracked |  0
|  84|0x0000000615c00000, 0x0000000615c00000, 0x0000000616000000|  0%| F|  |TAMS 0x0000000615c00000| PB 0x0000000615c00000| Untracked |  0
|  85|0x0000000616000000, 0x0000000616000000, 0x0000000616400000|  0%| F|  |TAMS 0x0000000616000000| PB 0x0000000616000000| Untracked |  0
|  86|0x0000000616400000, 0x0000000616400000, 0x0000000616800000|  0%| F|  |TAMS 0x0000000616400000| PB 0x0000000616400000| Untracked |  0
|  87|0x0000000616800000, 0x0000000616800000, 0x0000000616c00000|  0%| F|  |TAMS 0x0000000616800000| PB 0x0000000616800000| Untracked |  0
|  88|0x0000000616c00000, 0x0000000616c00000, 0x0000000617000000|  0%| F|  |TAMS 0x0000000616c00000| PB 0x0000000616c00000| Untracked |  0
|  89|0x0000000617000000, 0x0000000617000000, 0x0000000617400000|  0%| F|  |TAMS 0x0000000617000000| PB 0x0000000617000000| Untracked |  0
|  90|0x0000000617400000, 0x0000000617400000, 0x0000000617800000|  0%| F|  |TAMS 0x0000000617400000| PB 0x0000000617400000| Untracked |  0
|  91|0x0000000617800000, 0x0000000617800000, 0x0000000617c00000|  0%| F|  |TAMS 0x0000000617800000| PB 0x0000000617800000| Untracked |  0
|  92|0x0000000617c00000, 0x0000000617c00000, 0x0000000618000000|  0%| F|  |TAMS 0x0000000617c00000| PB 0x0000000617c00000| Untracked |  0
|  93|0x0000000618000000, 0x0000000618000000, 0x0000000618400000|  0%| F|  |TAMS 0x0000000618000000| PB 0x0000000618000000| Untracked |  0
|  94|0x0000000618400000, 0x0000000618400000, 0x0000000618800000|  0%| F|  |TAMS 0x0000000618400000| PB 0x0000000618400000| Untracked |  0
|  95|0x0000000618800000, 0x0000000618800000, 0x0000000618c00000|  0%| F|  |TAMS 0x0000000618800000| PB 0x0000000618800000| Untracked |  0
|  96|0x0000000618c00000, 0x0000000618c00000, 0x0000000619000000|  0%| F|  |TAMS 0x0000000618c00000| PB 0x0000000618c00000| Untracked |  0
|  97|0x0000000619000000, 0x0000000619000000, 0x0000000619400000|  0%| F|  |TAMS 0x0000000619000000| PB 0x0000000619000000| Untracked |  0
|  98|0x0000000619400000, 0x0000000619400000, 0x0000000619800000|  0%| F|  |TAMS 0x0000000619400000| PB 0x0000000619400000| Untracked |  0
|  99|0x0000000619800000, 0x0000000619800000, 0x0000000619c00000|  0%| F|  |TAMS 0x0000000619800000| PB 0x0000000619800000| Untracked |  0
| 100|0x0000000619c00000, 0x0000000619c00000, 0x000000061a000000|  0%| F|  |TAMS 0x0000000619c00000| PB 0x0000000619c00000| Untracked |  0
| 101|0x000000061a000000, 0x000000061a000000, 0x000000061a400000|  0%| F|  |TAMS 0x000000061a000000| PB 0x000000061a000000| Untracked |  0
| 102|0x000000061a400000, 0x000000061a400000, 0x000000061a800000|  0%| F|  |TAMS 0x000000061a400000| PB 0x000000061a400000| Untracked |  0
| 103|0x000000061a800000, 0x000000061a800000, 0x000000061ac00000|  0%| F|  |TAMS 0x000000061a800000| PB 0x000000061a800000| Untracked |  0
| 104|0x000000061ac00000, 0x000000061ac00000, 0x000000061b000000|  0%| F|  |TAMS 0x000000061ac00000| PB 0x000000061ac00000| Untracked |  0
| 105|0x000000061b000000, 0x000000061b000000, 0x000000061b400000|  0%| F|  |TAMS 0x000000061b000000| PB 0x000000061b000000| Untracked |  0
| 106|0x000000061b400000, 0x000000061b400000, 0x000000061b800000|  0%| F|  |TAMS 0x000000061b400000| PB 0x000000061b400000| Untracked |  0
| 107|0x000000061b800000, 0x000000061b800000, 0x000000061bc00000|  0%| F|  |TAMS 0x000000061b800000| PB 0x000000061b800000| Untracked |  0
| 108|0x000000061bc00000, 0x000000061bc00000, 0x000000061c000000|  0%| F|  |TAMS 0x000000061bc00000| PB 0x000000061bc00000| Untracked |  0
| 109|0x000000061c000000, 0x000000061c000000, 0x000000061c400000|  0%| F|  |TAMS 0x000000061c000000| PB 0x000000061c000000| Untracked |  0
| 110|0x000000061c400000, 0x000000061c400000, 0x000000061c800000|  0%| F|  |TAMS 0x000000061c400000| PB 0x000000061c400000| Untracked |  0
| 111|0x000000061c800000, 0x000000061c800000, 0x000000061cc00000|  0%| F|  |TAMS 0x000000061c800000| PB 0x000000061c800000| Untracked |  0
| 112|0x000000061cc00000, 0x000000061cc00000, 0x000000061d000000|  0%| F|  |TAMS 0x000000061cc00000| PB 0x000000061cc00000| Untracked |  0
| 113|0x000000061d000000, 0x000000061d000000, 0x000000061d400000|  0%| F|  |TAMS 0x000000061d000000| PB 0x000000061d000000| Untracked |  0
| 114|0x000000061d400000, 0x000000061d400000, 0x000000061d800000|  0%| F|  |TAMS 0x000000061d400000| PB 0x000000061d400000| Untracked |  0
| 115|0x000000061d800000, 0x000000061d800000, 0x000000061dc00000|  0%| F|  |TAMS 0x000000061d800000| PB 0x000000061d800000| Untracked |  0
| 116|0x000000061dc00000, 0x000000061dc00000, 0x000000061e000000|  0%| F|  |TAMS 0x000000061dc00000| PB 0x000000061dc00000| Untracked |  0
| 117|0x000000061e000000, 0x000000061e000000, 0x000000061e400000|  0%| F|  |TAMS 0x000000061e000000| PB 0x000000061e000000| Untracked |  0
| 118|0x000000061e400000, 0x000000061e400000, 0x000000061e800000|  0%| F|  |TAMS 0x000000061e400000| PB 0x000000061e400000| Untracked |  0
| 119|0x000000061e800000, 0x000000061e800000, 0x000000061ec00000|  0%| F|  |TAMS 0x000000061e800000| PB 0x000000061e800000| Untracked |  0
| 120|0x000000061ec00000, 0x000000061ec00000, 0x000000061f000000|  0%| F|  |TAMS 0x000000061ec00000| PB 0x000000061ec00000| Untracked |  0
| 121|0x000000061f000000, 0x000000061f000000, 0x000000061f400000|  0%| F|  |TAMS 0x000000061f000000| PB 0x000000061f000000| Untracked |  0
| 122|0x000000061f400000, 0x000000061f400000, 0x000000061f800000|  0%| F|  |TAMS 0x000000061f400000| PB 0x000000061f400000| Untracked |  0
| 123|0x000000061f800000, 0x000000061f9eb8a8, 0x000000061fc00000| 48%| E|  |TAMS 0x000000061f800000| PB 0x000000061f800000| Complete |  0
| 124|0x000000061fc00000, 0x0000000620000000, 0x0000000620000000|100%| E|CS|TAMS 0x000000061fc00000| PB 0x000000061fc00000| Complete |  0
| 125|0x0000000620000000, 0x0000000620400000, 0x0000000620400000|100%| E|CS|TAMS 0x0000000620000000| PB 0x0000000620000000| Complete |  0
| 126|0x0000000620400000, 0x0000000620800000, 0x0000000620800000|100%| E|CS|TAMS 0x0000000620400000| PB 0x0000000620400000| Complete |  0
| 127|0x0000000620800000, 0x0000000620c00000, 0x0000000620c00000|100%| E|CS|TAMS 0x0000000620800000| PB 0x0000000620800000| Complete |  0
|2044|0x00000007ffc00000, 0x00000007ffd1d3c0, 0x0000000800000000| 27%| O|  |TAMS 0x00000007ffc00000| PB 0x00000007ffc00000| Untracked |  0

Card table byte_map: [0x00000208ecc40000,0x00000208edc40000] _byte_map_base: 0x00000208e9c3a000

Marking Bits: (CMBitMap*) 0x00000208d3ee7ff0
 Bits: [0x00000208edc40000, 0x00000208f5c10000)

Polling page: 0x00000208d3620000

Metaspace:

Usage:
  Non-class:      1.97 MB used.
      Class:    180.12 KB used.
       Both:      2.15 MB used.

Virtual space:
  Non-class space:       64.00 MB reserved,       2.00 MB (  3%) committed,  1 nodes.
      Class space:        1.00 GB reserved,     256.00 KB ( <1%) committed,  1 nodes.
             Both:        1.06 GB reserved,       2.25 MB ( <1%) committed. 

Chunk freelists:
   Non-Class:  11.19 MB
       Class:  15.66 MB
        Both:  26.84 MB

MaxMetaspaceSize: unlimited
CompressedClassSpaceSize: 1.00 GB
Initial GC threshold: 21.00 MB
Current GC threshold: 21.00 MB
CDS: on
 - commit_granule_bytes: 65536.
 - commit_granule_words: 8192.
 - virtual_space_node_default_size: 8388608.
 - enlarge_chunks_in_place: 1.
UseCompressedClassPointers 1, UseCompactObjectHeaders 0
Narrow klass pointer bits 32, Max shift 3
Narrow klass base: 0x0000020880000000, Narrow klass shift: 0
Encoding Range: [0x0000020880000000 - 0x0000020980000000), (4294967296 bytes)
Klass Range:    [0x0000020880000000 - 0x00000208c1000000), (1090519040 bytes)
Klass ID Range:  [8 - 1090519033) (1090519025)


Internal statistics:

num_allocs_failed_limit: 0.
num_arena_births: 18.
num_arena_deaths: 0.
num_vsnodes_births: 2.
num_vsnodes_deaths: 0.
num_space_committed: 36.
num_space_uncommitted: 0.
num_chunks_returned_to_freelist: 0.
num_chunks_taken_from_freelist: 54.
num_chunk_merges: 0.
num_chunk_splits: 41.
num_chunks_enlarged: 36.
num_inconsistent_stats: 0.

CodeHeap 'non-profiled nmethods': size=120064Kb used=349Kb max_used=349Kb free=119714Kb
 bounds [0x00000208e41b0000, 0x00000208e4420000, 0x00000208eb6f0000]
CodeHeap 'profiled nmethods': size=120000Kb used=936Kb max_used=936Kb free=119063Kb
 bounds [0x00000208dc6f0000, 0x00000208dc960000, 0x00000208e3c20000]
CodeHeap 'non-nmethods': size=5696Kb used=1291Kb max_used=1433Kb free=4404Kb
 bounds [0x00000208e3c20000, 0x00000208e3e90000, 0x00000208e41b0000]
CodeCache: size=245760Kb, used=2576Kb, max_used=2718Kb, free=243181Kb
 total_blobs=1157, nmethods=693, adapters=370, full_count=0
Compilation: enabled, stopped_count=0, restarted_count=0

Compilation events (20 events):
Event: 0.475 Thread 0x00000208c5020d70  686       3       java.util.WeakHashMap::matchesKey (33 bytes)
Event: 0.475 Thread 0x00000208c5020d70 nmethod 686 0x00000208dc7d6508 code [0x00000208dc7d6660, 0x00000208dc7d6bd8]
Event: 0.475 Thread 0x00000208c5020d70  687       3       java.util.ArrayDeque::peek (5 bytes)
Event: 0.475 Thread 0x00000208c5a8f860 nmethod 678 0x00000208e41f9a88 code [0x00000208e41f9b80, 0x00000208e41f9c20]
Event: 0.475 Thread 0x00000208c5a8f860  684       4       java.lang.Math::min (11 bytes)
Event: 0.476 Thread 0x00000208c5020d70 nmethod 687 0x00000208dc7d6c08 code [0x00000208dc7d6d20, 0x00000208dc7d6f28]
Event: 0.476 Thread 0x00000208c5020d70  688   !   3       jdk.internal.loader.BuiltinClassLoader::loadClassOrNull (143 bytes)
Event: 0.476 Thread 0x00000208c5a8f860 nmethod 684 0x00000208e41f9d88 code [0x00000208e41f9e80, 0x00000208e41f9ef0]
Event: 0.476 Thread 0x00000208c5a8f860  648       4       java.lang.StringBuilder::toString (20 bytes)
Event: 0.476 Thread 0x00000208c501f630 nmethod 651 0x00000208e41fa088 code [0x00000208e41fa280, 0x00000208e41faef8]
Event: 0.476 Thread 0x00000208c5020d70 nmethod 688 0x00000208dc7d6f88 code [0x00000208dc7d71c0, 0x00000208dc7d8238]
Event: 0.476 Thread 0x00000208c501f630  652       4       java.lang.String::<init> (98 bytes)
Event: 0.477 Thread 0x00000208c5020d70  689       3       java.lang.ClassLoader::getClassLoadingLock (35 bytes)
Event: 0.477 Thread 0x00000208c5020d70 nmethod 689 0x00000208dc7d8308 code [0x00000208dc7d8440, 0x00000208dc7d8798]
Event: 0.477 Thread 0x00000208c5020d70  690       3       jdk.internal.loader.BuiltinClassLoader::findLoadedModule (33 bytes)
Event: 0.477 Thread 0x00000208c5020d70 nmethod 690 0x00000208dc7d8808 code [0x00000208dc7d89a0, 0x00000208dc7d92a0]
Event: 0.477 Thread 0x00000208c5020d70  692  s    3       org.bytedeco.javacpp.Loader::putMemberOffset (43 bytes)
Event: 0.478 Thread 0x00000208c5020d70 nmethod 692 0x00000208dc7d9308 code [0x00000208dc7d94a0, 0x00000208dc7d9dc0]
Event: 0.478 Thread 0x00000208c5020d70  693       3       java.util.jar.JarFile::maybeInstantiateVerifier (42 bytes)
Event: 0.478 Thread 0x00000208c5020d70 nmethod 693 0x00000208dc7d9e88 code [0x00000208dc7d9fe0, 0x00000208dc7da350]

GC Heap History (0 events):
No events

Dll operation events (20 events):
Event: 0.318 Loaded shared library C:\Program Files\Java\jdk-24\bin\api-ms-win-core-datetime-l1-1-0.dll
Event: 0.324 Loaded shared library C:\Program Files\Java\jdk-24\bin\api-ms-win-core-localization-l1-2-0.dll
Event: 0.330 Loaded shared library C:\Program Files\Java\jdk-24\bin\api-ms-win-core-sysinfo-l1-1-0.dll
Event: 0.336 Loaded shared library C:\Program Files\Java\jdk-24\bin\api-ms-win-core-synch-l1-2-0.dll
Event: 0.342 Loaded shared library C:\Program Files\Java\jdk-24\bin\api-ms-win-core-console-l1-1-0.dll
Event: 0.348 Loaded shared library C:\Program Files\Java\jdk-24\bin\api-ms-win-core-debug-l1-1-0.dll
Event: 0.355 Loaded shared library C:\Program Files\Java\jdk-24\bin\api-ms-win-core-rtlsupport-l1-1-0.dll
Event: 0.361 Loaded shared library C:\Program Files\Java\jdk-24\bin\api-ms-win-core-processthreads-l1-1-1.dll
Event: 0.368 Loaded shared library C:\Program Files\Java\jdk-24\bin\api-ms-win-core-file-l1-2-0.dll
Event: 0.375 Loaded shared library C:\Program Files\Java\jdk-24\bin\api-ms-win-core-profile-l1-1-0.dll
Event: 0.381 Loaded shared library C:\Program Files\Java\jdk-24\bin\api-ms-win-core-memory-l1-1-0.dll
Event: 0.388 Loaded shared library C:\Program Files\Java\jdk-24\bin\api-ms-win-core-util-l1-1-0.dll
Event: 0.395 Loaded shared library C:\Program Files\Java\jdk-24\bin\api-ms-win-core-interlocked-l1-1-0.dll
Event: 0.402 Loaded shared library C:\Program Files\Java\jdk-24\bin\ucrtbase.dll
Event: 0.409 Loaded shared library C:\Program Files\Java\jdk-24\bin\vcruntime140.dll
Event: 0.415 Loaded shared library C:\Program Files\Java\jdk-24\bin\vcruntime140_1.dll
Event: 0.421 Loaded shared library C:\Program Files\Java\jdk-24\bin\msvcp140.dll
Event: 0.428 Loaded shared library C:\Windows\System32\msvcp140_1.dll
Event: 0.435 Loaded shared library C:\Windows\System32\concrt140.dll
Event: 0.443 Loaded shared library C:\Windows\System32\vcomp140.dll

Deoptimization events (20 events):
Event: 0.214 Thread 0x00000208d1b6c140 DEOPT PACKING pc=0x00000208dc7452f9 sp=0x00000026d8cfc6b0
Event: 0.214 Thread 0x00000208d1b6c140 DEOPT UNPACKING pc=0x00000208e3c75722 sp=0x00000026d8cfbb00 mode 0
Event: 0.218 Thread 0x00000208d1b6c140 DEOPT PACKING pc=0x00000208dc7452f9 sp=0x00000026d8cfc6b0
Event: 0.218 Thread 0x00000208d1b6c140 DEOPT UNPACKING pc=0x00000208e3c75722 sp=0x00000026d8cfbb00 mode 0
Event: 0.221 Thread 0x00000208d1b6c140 Uncommon trap: trap_request=0xffffff6e fr.pc=0x00000208e41d4de0 relative=0x0000000000000440
Event: 0.221 Thread 0x00000208d1b6c140 Uncommon trap: reason=loop_limit_check action=maybe_recompile pc=0x00000208e41d4de0 method=java.lang.StringLatin1.indexOf([BI[BII)I @ 37 c2
Event: 0.221 Thread 0x00000208d1b6c140 DEOPT PACKING pc=0x00000208e41d4de0 sp=0x00000026d8cfc850
Event: 0.221 Thread 0x00000208d1b6c140 DEOPT UNPACKING pc=0x00000208e3d35d02 sp=0x00000026d8cfc7b0 mode 2
Event: 0.229 Thread 0x00000208d1b6c140 DEOPT PACKING pc=0x00000208dc745a68 sp=0x00000026d8cfc6d0
Event: 0.229 Thread 0x00000208d1b6c140 DEOPT UNPACKING pc=0x00000208e3c75722 sp=0x00000026d8cfbb40 mode 0
Event: 0.256 Thread 0x00000208d1b6c140 DEOPT PACKING pc=0x00000208dc76d070 sp=0x00000026d8cfc980
Event: 0.256 Thread 0x00000208d1b6c140 DEOPT UNPACKING pc=0x00000208e3c75722 sp=0x00000026d8cfbe88 mode 0
Event: 0.261 Thread 0x00000208d1b6c140 DEOPT PACKING pc=0x00000208dc76d070 sp=0x00000026d8cfc980
Event: 0.261 Thread 0x00000208d1b6c140 DEOPT UNPACKING pc=0x00000208e3c75722 sp=0x00000026d8cfbe88 mode 0
Event: 0.270 Thread 0x00000208d1b6c140 DEOPT PACKING pc=0x00000208dc76d070 sp=0x00000026d8cfc890
Event: 0.270 Thread 0x00000208d1b6c140 DEOPT UNPACKING pc=0x00000208e3c75722 sp=0x00000026d8cfbd98 mode 0
Event: 0.466 Thread 0x00000208d1b6c140 Uncommon trap: trap_request=0xffffff4d fr.pc=0x00000208e41f1650 relative=0x0000000000000c90
Event: 0.466 Thread 0x00000208d1b6c140 Uncommon trap: reason=unstable_if action=reinterpret pc=0x00000208e41f1650 method=java.net.URL.<init>(Ljava/net/URL;Ljava/lang/String;Ljava/net/URLStreamHandler;)V @ 253 c2
Event: 0.466 Thread 0x00000208d1b6c140 DEOPT PACKING pc=0x00000208e41f1650 sp=0x00000026d8cfc900
Event: 0.466 Thread 0x00000208d1b6c140 DEOPT UNPACKING pc=0x00000208e3d35d02 sp=0x00000026d8cfc870 mode 2

Classes loaded (20 events):
Event: 0.167 Loading class java/io/Externalizable done
Event: 0.167 Loading class java/time/zone/Ser done
Event: 0.168 Loading class java/time/zone/ZoneOffsetTransition
Event: 0.168 Loading class java/time/zone/ZoneOffsetTransition done
Event: 0.168 Loading class java/time/Year
Event: 0.168 Loading class java/time/Year done
Event: 0.180 Loading class java/lang/NumberFormatException
Event: 0.180 Loading class java/lang/NumberFormatException done
Event: 0.182 Loading class java/lang/ProcessEnvironment
Event: 0.182 Loading class java/lang/ProcessEnvironment done
Event: 0.183 Loading class java/lang/ProcessEnvironment$NameComparator
Event: 0.183 Loading class java/lang/ProcessEnvironment$NameComparator done
Event: 0.183 Loading class java/lang/ProcessEnvironment$EntryComparator
Event: 0.183 Loading class java/lang/ProcessEnvironment$EntryComparator done
Event: 0.183 Loading class java/lang/ProcessEnvironment$CheckedEntrySet
Event: 0.183 Loading class java/lang/ProcessEnvironment$CheckedEntrySet done
Event: 0.183 Loading class java/lang/ProcessEnvironment$CheckedEntrySet$1
Event: 0.183 Loading class java/lang/ProcessEnvironment$CheckedEntrySet$1 done
Event: 0.183 Loading class java/lang/ProcessEnvironment$CheckedEntry
Event: 0.183 Loading class java/lang/ProcessEnvironment$CheckedEntry done

Classes unloaded (0 events):
No events

Classes redefined (0 events):
No events

Internal exceptions (4 events):
Event: 0.037 Thread 0x00000208d1b6c140 Exception <a 'java/io/FileNotFoundException'{0x00000006208181b0}> (0x00000006208181b0) 
thrown [s\open\src\hotspot\share\prims\jni.cpp, line 518]
Event: 0.087 Thread 0x00000208d1b6c140 Exception <a 'java/lang/NoSuchMethodError'{0x0000000620ae9b38}: 'java.lang.Object java.lang.invoke.DirectMethodHandle$Holder.invokeInterface(java.lang.Object, java.lang.Object)'> (0x0000000620ae9b38) 
thrown [s\open\src\hotspot\share\interpreter\linkResolver.cpp, line 805]
Event: 0.095 Thread 0x00000208d1b6c140 Exception <a 'java/lang/NoSuchMethodError'{0x0000000620b06140}: 'java.lang.Object java.lang.invoke.DirectMethodHandle$Holder.invokeStaticInit(java.lang.Object)'> (0x0000000620b06140) 
thrown [s\open\src\hotspot\share\interpreter\linkResolver.cpp, line 805]
Event: 0.109 Thread 0x00000208d1b6c140 Exception <a 'java/lang/NoSuchMethodError'{0x0000000620b699e8}: 'void java.lang.invoke.DirectMethodHandle$Holder.invokeSpecial(java.lang.Object, java.lang.Object, java.lang.Object)'> (0x0000000620b699e8) 
thrown [s\open\src\hotspot\share\interpreter\linkResolver.cpp, line 805]

VM Operations (2 events):
Event: 0.183 Executing VM operation: HandshakeAllThreads (Deoptimize)
Event: 0.183 Executing VM operation: HandshakeAllThreads (Deoptimize) done

Memory protections (0 events):
No events

Nmethod flushes (0 events):
No events

Events (14 events):
Event: 0.022 Thread 0x00000208d1b6c140 Thread added: 0x00000208d1b6c140
Event: 0.032 Thread 0x00000208d1b6c140 Thread added: 0x00000208f82ddf60
Event: 0.032 Thread 0x00000208d1b6c140 Thread added: 0x00000208f82de6a0
Event: 0.033 Thread 0x00000208d1b6c140 Thread added: 0x00000208c50129d0
Event: 0.033 Thread 0x00000208d1b6c140 Thread added: 0x00000208c5013780
Event: 0.033 Thread 0x00000208d1b6c140 Thread added: 0x00000208c5014a50
Event: 0.033 Thread 0x00000208d1b6c140 Thread added: 0x00000208c5015d20
Event: 0.033 Thread 0x00000208d1b6c140 Thread added: 0x00000208c501f630
Event: 0.033 Thread 0x00000208d1b6c140 Thread added: 0x00000208c5020d70
Event: 0.036 Thread 0x00000208d1b6c140 Thread added: 0x00000208c50c9210
Event: 0.039 Thread 0x00000208d1b6c140 Thread added: 0x00000208c50d51b0
Event: 0.166 Thread 0x00000208c5020d70 Thread added: 0x00000208c51f0620
Event: 0.180 Thread 0x00000208d1b6c140 Thread added: 0x00000208c5201250
Event: 0.381 Thread 0x00000208c5020d70 Thread added: 0x00000208c5a8f860


Dynamic libraries:
0x00007ff76f700000 - 0x00007ff76f710000 	C:\Program Files\Java\jdk-24\bin\java.exe
0x00007ffd12830000 - 0x00007ffd12a28000 	C:\Windows\SYSTEM32\ntdll.dll
0x00007ffd10840000 - 0x00007ffd10902000 	C:\Windows\System32\KERNEL32.DLL
0x00007ffd10220000 - 0x00007ffd10516000 	C:\Windows\System32\KERNELBASE.dll
0x00007ffd0ffd0000 - 0x00007ffd100d0000 	C:\Windows\System32\ucrtbase.dll
0x00007ffd0b490000 - 0x00007ffd0b4a6000 	C:\Program Files\Java\jdk-24\bin\jli.dll
0x00007ffd091c0000 - 0x00007ffd091db000 	C:\Program Files\Java\jdk-24\bin\VCRUNTIME140.dll
0x00007ffd11d00000 - 0x00007ffd11e9d000 	C:\Windows\System32\USER32.dll
0x00007ffd101f0000 - 0x00007ffd10212000 	C:\Windows\System32\win32u.dll
0x00007ffcfef60000 - 0x00007ffcff1fa000 	C:\Windows\WinSxS\amd64_microsoft.windows.common-controls_6595b64144ccf1df_6.0.19041.5794_none_60bcd33171f2783c\COMCTL32.dll
0x00007ffd11ea0000 - 0x00007ffd11ecb000 	C:\Windows\System32\GDI32.dll
0x00007ffd11c60000 - 0x00007ffd11cfe000 	C:\Windows\System32\msvcrt.dll
0x00007ffd100d0000 - 0x00007ffd101ea000 	C:\Windows\System32\gdi32full.dll
0x00007ffd0fea0000 - 0x00007ffd0ff3d000 	C:\Windows\System32\msvcp_win.dll
0x00007ffd12060000 - 0x00007ffd1208f000 	C:\Windows\System32\IMM32.DLL
0x00007ffd0b8d0000 - 0x00007ffd0b8dc000 	C:\Program Files\Java\jdk-24\bin\vcruntime140_1.dll
0x00007ffd05c60000 - 0x00007ffd05cee000 	C:\Program Files\Java\jdk-24\bin\msvcp140.dll
0x00007ffc4b880000 - 0x00007ffc4c622000 	C:\Program Files\Java\jdk-24\bin\server\jvm.dll
0x00007ffd11ed0000 - 0x00007ffd11f7f000 	C:\Windows\System32\ADVAPI32.dll
0x00007ffd125f0000 - 0x00007ffd1268f000 	C:\Windows\System32\sechost.dll
0x00007ffd11500000 - 0x00007ffd11623000 	C:\Windows\System32\RPCRT4.dll
0x00007ffd106a0000 - 0x00007ffd106c7000 	C:\Windows\System32\bcrypt.dll
0x00007ffd11110000 - 0x00007ffd1117b000 	C:\Windows\System32\WS2_32.dll
0x00007ffd0f3e0000 - 0x00007ffd0f42b000 	C:\Windows\SYSTEM32\POWRPROF.dll
0x00007ffd08890000 - 0x00007ffd0889a000 	C:\Windows\SYSTEM32\VERSION.dll
0x00007ffd03790000 - 0x00007ffd037b7000 	C:\Windows\SYSTEM32\WINMM.dll
0x00007ffd0f2a0000 - 0x00007ffd0f2b2000 	C:\Windows\SYSTEM32\UMPDC.dll
0x00007ffd0e6d0000 - 0x00007ffd0e6e2000 	C:\Windows\SYSTEM32\kernel.appcore.dll
0x00007ffd06d00000 - 0x00007ffd06d0a000 	C:\Program Files\Java\jdk-24\bin\jimage.dll
0x00007ffd0d380000 - 0x00007ffd0d581000 	C:\Windows\SYSTEM32\DBGHELP.DLL
0x00007ffcf72e0000 - 0x00007ffcf7314000 	C:\Windows\SYSTEM32\dbgcore.DLL
0x00007ffd0ff40000 - 0x00007ffd0ffc2000 	C:\Windows\System32\bcryptPrimitives.dll
0x00007ffd06ce0000 - 0x00007ffd06cfe000 	C:\Program Files\Java\jdk-24\bin\java.dll
0x00007ffd12090000 - 0x00007ffd121bb000 	C:\Windows\System32\ole32.dll
0x00007ffd12290000 - 0x00007ffd125e3000 	C:\Windows\System32\combase.dll
0x00007ffd10910000 - 0x00007ffd1107e000 	C:\Windows\System32\SHELL32.dll
0x00007ffd0df20000 - 0x00007ffd0e6c3000 	C:\Windows\SYSTEM32\windows.storage.dll
0x00007ffd0f8d0000 - 0x00007ffd0f8fb000 	C:\Windows\SYSTEM32\Wldp.dll
0x00007ffd12690000 - 0x00007ffd1275d000 	C:\Windows\System32\OLEAUT32.dll
0x00007ffd121c0000 - 0x00007ffd1226d000 	C:\Windows\System32\SHCORE.dll
0x00007ffd12760000 - 0x00007ffd127b5000 	C:\Windows\System32\shlwapi.dll
0x00007ffd0fdd0000 - 0x00007ffd0fdf5000 	C:\Windows\SYSTEM32\profapi.dll
0x00007ffcfcd20000 - 0x00007ffcfcdf7000 	C:\Program Files\Java\jdk-24\bin\jsvml.dll
0x00007ffd06cd0000 - 0x00007ffd06ce0000 	C:\Program Files\Java\jdk-24\bin\net.dll
0x00007ffd0f630000 - 0x00007ffd0f69c000 	C:\Windows\system32\mswsock.dll
0x00007ffd06cb0000 - 0x00007ffd06cc6000 	C:\Program Files\Java\jdk-24\bin\nio.dll
0x00007ffd06c90000 - 0x00007ffd06ca7000 	C:\Program Files\Java\jdk-24\bin\zip.dll
0x00007ffcc7340000 - 0x00007ffcc7468000 	C:\Windows\System32\opengl32.dll
0x00007ffcc6da0000 - 0x00007ffcc6dcc000 	C:\Windows\SYSTEM32\GLU32.dll
0x00007ffcf5ef0000 - 0x00007ffcf6145000 	C:\Users\iuris\.javacpp\cache\jaylib-5.5.0-2.jar\com\raylib\windows-x86_64\jniRaylib.dll
0x00000208c5570000 - 0x00000208c5574000 	C:\Program Files\Java\jdk-24\bin\api-ms-win-crt-locale-l1-1-0.dll
0x00000208c5580000 - 0x00000208c5585000 	C:\Program Files\Java\jdk-24\bin\api-ms-win-crt-string-l1-1-0.dll
0x00000208c5590000 - 0x00000208c5595000 	C:\Program Files\Java\jdk-24\bin\api-ms-win-crt-stdio-l1-1-0.dll
0x00000208c55a0000 - 0x00000208c55a6000 	C:\Program Files\Java\jdk-24\bin\api-ms-win-crt-math-l1-1-0.dll
0x00000208c55b0000 - 0x00000208c55b4000 	C:\Program Files\Java\jdk-24\bin\api-ms-win-crt-heap-l1-1-0.dll
0x00000208c55c0000 - 0x00000208c55c5000 	C:\Program Files\Java\jdk-24\bin\api-ms-win-crt-runtime-l1-1-0.dll
0x00000208c55d0000 - 0x00000208c55d5000 	C:\Program Files\Java\jdk-24\bin\api-ms-win-crt-convert-l1-1-0.dll
0x00000208c5de0000 - 0x00000208c5de4000 	C:\Program Files\Java\jdk-24\bin\api-ms-win-crt-environment-l1-1-0.dll
0x00000208c5df0000 - 0x00000208c5df4000 	C:\Program Files\Java\jdk-24\bin\api-ms-win-crt-time-l1-1-0.dll
0x00000208c5e00000 - 0x00000208c5e04000 	C:\Program Files\Java\jdk-24\bin\api-ms-win-crt-filesystem-l1-1-0.dll
0x00000208c5e10000 - 0x00000208c5e14000 	C:\Program Files\Java\jdk-24\bin\api-ms-win-crt-utility-l1-1-0.dll
0x00000208c5e20000 - 0x00000208c5e26000 	C:\Program Files\Java\jdk-24\bin\api-ms-win-crt-multibyte-l1-1-0.dll
0x00000208c5e30000 - 0x00000208c5e34000 	C:\Program Files\Java\jdk-24\bin\api-ms-win-crt-conio-l1-1-0.dll
0x00000208c5e40000 - 0x00000208c5e51000 	C:\Program Files\Java\jdk-24\bin\api-ms-win-crt-private-l1-1-0.dll
0x00000208c5e60000 - 0x00000208c5e64000 	C:\Program Files\Java\jdk-24\bin\api-ms-win-crt-process-l1-1-0.dll
0x00000208c5e70000 - 0x00000208c5e74000 	C:\Program Files\Java\jdk-24\bin\api-ms-win-core-console-l1-2-0.dll
0x00000208c5e80000 - 0x00000208c5e84000 	C:\Program Files\Java\jdk-24\bin\api-ms-win-core-string-l1-1-0.dll
0x00000208c5e90000 - 0x00000208c5e94000 	C:\Program Files\Java\jdk-24\bin\api-ms-win-core-errorhandling-l1-1-0.dll
0x00000208c5ea0000 - 0x00000208c5ea4000 	C:\Program Files\Java\jdk-24\bin\api-ms-win-core-timezone-l1-1-0.dll
0x00000208c5eb0000 - 0x00000208c5eb5000 	C:\Program Files\Java\jdk-24\bin\api-ms-win-core-file-l1-1-0.dll
0x00000208c5ec0000 - 0x00000208c5ec4000 	C:\Program Files\Java\jdk-24\bin\api-ms-win-core-namedpipe-l1-1-0.dll
0x00000208c5ed0000 - 0x00000208c5ed4000 	C:\Program Files\Java\jdk-24\bin\api-ms-win-core-handle-l1-1-0.dll
0x00000208c5ee0000 - 0x00000208c5ee4000 	C:\Program Files\Java\jdk-24\bin\api-ms-win-core-file-l2-1-0.dll
0x00000208c5ef0000 - 0x00000208c5ef4000 	C:\Program Files\Java\jdk-24\bin\api-ms-win-core-heap-l1-1-0.dll
0x00000208c5f00000 - 0x00000208c5f04000 	C:\Program Files\Java\jdk-24\bin\api-ms-win-core-libraryloader-l1-1-0.dll
0x00000208c5f10000 - 0x00000208c5f14000 	C:\Program Files\Java\jdk-24\bin\api-ms-win-core-synch-l1-1-0.dll
0x00000208c5f20000 - 0x00000208c5f24000 	C:\Program Files\Java\jdk-24\bin\api-ms-win-core-processthreads-l1-1-0.dll
0x00000208c5f30000 - 0x00000208c5f34000 	C:\Program Files\Java\jdk-24\bin\api-ms-win-core-processenvironment-l1-1-0.dll
0x00000208c5f40000 - 0x00000208c5f44000 	C:\Program Files\Java\jdk-24\bin\api-ms-win-core-datetime-l1-1-0.dll
0x00000208c5f50000 - 0x00000208c5f54000 	C:\Program Files\Java\jdk-24\bin\api-ms-win-core-localization-l1-2-0.dll
0x00000208c5f60000 - 0x00000208c5f64000 	C:\Program Files\Java\jdk-24\bin\api-ms-win-core-sysinfo-l1-1-0.dll
0x00000208c5f70000 - 0x00000208c5f74000 	C:\Program Files\Java\jdk-24\bin\api-ms-win-core-synch-l1-2-0.dll
0x00000208c5f80000 - 0x00000208c5f84000 	C:\Program Files\Java\jdk-24\bin\api-ms-win-core-console-l1-1-0.dll
0x00000208c5f90000 - 0x00000208c5f94000 	C:\Program Files\Java\jdk-24\bin\api-ms-win-core-debug-l1-1-0.dll
0x00000208c5fa0000 - 0x00000208c5fa4000 	C:\Program Files\Java\jdk-24\bin\api-ms-win-core-rtlsupport-l1-1-0.dll
0x00000208c5fb0000 - 0x00000208c5fb4000 	C:\Program Files\Java\jdk-24\bin\api-ms-win-core-processthreads-l1-1-1.dll
0x00000208c5fc0000 - 0x00000208c5fc4000 	C:\Program Files\Java\jdk-24\bin\api-ms-win-core-file-l1-2-0.dll
0x00000208c5fd0000 - 0x00000208c5fd4000 	C:\Program Files\Java\jdk-24\bin\api-ms-win-core-profile-l1-1-0.dll
0x00000208c6fb0000 - 0x00000208c6fb4000 	C:\Program Files\Java\jdk-24\bin\api-ms-win-core-memory-l1-1-0.dll
0x00000208c6fc0000 - 0x00000208c6fc4000 	C:\Program Files\Java\jdk-24\bin\api-ms-win-core-util-l1-1-0.dll
0x00000208c6fd0000 - 0x00000208c6fd4000 	C:\Program Files\Java\jdk-24\bin\api-ms-win-core-interlocked-l1-1-0.dll
0x00007ffccdb10000 - 0x00007ffccdc21000 	C:\Program Files\Java\jdk-24\bin\ucrtbase.dll
0x00007ffd091e0000 - 0x00007ffd091e9000 	C:\Windows\System32\msvcp140_1.dll
0x00007ffcfead0000 - 0x00007ffcfeb1d000 	C:\Windows\System32\concrt140.dll
0x00007ffd06460000 - 0x00007ffd06490000 	C:\Windows\System32\vcomp140.dll

dbghelp: loaded successfully - version: 4.0.5 - missing functions: none
symbol engine: initialized successfully - sym options: 0x614 - pdb path: .;C:\Program Files\Java\jdk-24\bin;C:\Windows\SYSTEM32;C:\Windows\WinSxS\amd64_microsoft.windows.common-controls_6595b64144ccf1df_6.0.19041.5794_none_60bcd33171f2783c;C:\Program Files\Java\jdk-24\bin\server;C:\Users\iuris\.javacpp\cache\jaylib-5.5.0-2.jar\com\raylib\windows-x86_64

VM Arguments:
java_command: app.Main
java_class_path (initial): lib/jaylib-5.5.0-2.jar;bin
Launcher Type: SUN_STANDARD

[Global flags]
     intx CICompilerCount                          = 4                                         {product} {ergonomic}
     uint ConcGCThreads                            = 3                                         {product} {ergonomic}
     uint G1ConcRefinementThreads                  = 10                                        {product} {ergonomic}
   size_t G1HeapRegionSize                         = 4194304                                   {product} {ergonomic}
   size_t InitialHeapSize                          = 536870912                                 {product} {ergonomic}
   size_t MarkStackSize                            = 4194304                                   {product} {ergonomic}
   size_t MarkStackSizeMax                         = 536870912                                 {product} {ergonomic}
   size_t MaxHeapSize                              = 8577351680                                {product} {ergonomic}
   size_t MaxNewSize                               = 5146411008                                {product} {ergonomic}
   size_t MinHeapDeltaBytes                        = 4194304                                   {product} {ergonomic}
   size_t MinHeapSize                              = 8388608                                   {product} {ergonomic}
    uintx NonNMethodCodeHeapSize                   = 5832704                                {pd product} {ergonomic}
    uintx NonProfiledCodeHeapSize                  = 122945536                              {pd product} {ergonomic}
    uintx ProfiledCodeHeapSize                     = 122880000                              {pd product} {ergonomic}
    uintx ReservedCodeCacheSize                    = 251658240                              {pd product} {ergonomic}
     bool SegmentedCodeCache                       = true                                      {product} {ergonomic}
   size_t SoftMaxHeapSize                          = 8577351680                             {manageable} {ergonomic}
     bool UseCompressedOops                        = true                           {product lp64_product} {ergonomic}
     bool UseG1GC                                  = true                                      {product} {ergonomic}
     bool UseLargePagesIndividualAllocation        = false                                  {pd product} {ergonomic}

Logging:
Log output configuration:
 #0: stdout all=warning uptime,level,tags foldmultilines=false
 #1: stderr all=off uptime,level,tags foldmultilines=false

Environment Variables:
PATH=C:\Program Files\Common Files\Oracle\Java\javapath;C:\Program Files (x86)\Common Files\Oracle\Java\java8path;C:\Program Files (x86)\Common Files\Oracle\Java\javapath;C:\Windows\system32;C:\Windows;C:\Windows\System32\Wbem;C:\Windows\System32\WindowsPowerShell\v1.0\;C:\MinGW\bin\;C:\Windows\System32\OpenSSH\;D:\Program Files\Git\cmd;C:\Program Files\dotnet\;C:\Users\iuris\AppData\Local\Programs\Python\Python311\Scripts\;C:\Users\iuris\AppData\Local\Programs\Python\Python311\;C:\Users\iuris\AppData\Local\Microsoft\WindowsApps;;D:\Program Files\JetBrains\PyCharm Community Edition 2023.2.1\bin;;C:\Users\iuris\AppData\Local\Programs\Microsoft VS Code\bin;C:\Users\iuris\.dotnet\tools;C:\altera\13.1\modelsim_ase\win32aloem
USERNAME=iuris
OS=Windows_NT
PROCESSOR_IDENTIFIER=AMD64 Family 23 Model 8 Stepping 2, AuthenticAMD
TMP=C:\Users\iuris\AppData\Local\Temp
TEMP=C:\Users\iuris\AppData\Local\Temp




Periodic native trim disabled

---------------  S Y S T E M  ---------------

OS:
 Windows 10 , 64 bit Build 19041 (10.0.19041.5794)
OS uptime: 0 days 23:32 hours

CPU: total 12 (initial active 12) (12 cores per cpu, 2 threads per core) family 23 model 8 stepping 2 microcode 0x0, cx8, cmov, fxsr, ht, mmx, 3dnowpref, sse, sse2, sse3, ssse3, sse4a, sse4.1, sse4.2, popcnt, lzcnt, tsc, tscinvbit, avx, avx2, aes, clmul, bmi1, bmi2, adx, sha, fma, vzeroupper, clflush, clflushopt, rdtscp, f16c
Processor Information for the first 12 processors :
  Max Mhz: 3200, Current Mhz: 3200, Mhz Limit: 3200

Memory: 4k page, system-wide physical 32719M (21915M free)
TotalPageFile size 37583M (AvailPageFile size 23849M)
current process WorkingSet (physical memory assigned to process): 80M, peak: 88M
current process commit charge ("private bytes"): 634M, peak: 652M

vm_info: Java HotSpot(TM) 64-Bit Server VM (24+36-3646) for windows-amd64 JRE (24+36-3646), built on 2025-02-06T00:20:43Z with MS VC++ 17.6 (VS2022)

END.
