#
# A fatal error has been detected by the Java Runtime Environment:
#
#  EXCEPTION_ACCESS_VIOLATION (0xc0000005) at pc=0x0000000000000000, pid=7316, tid=2572
#
# JRE version: Java(TM) SE Runtime Environment (24.0+36) (build 24+36-3646)
# Java VM: Java HotSpot(TM) 64-Bit Server VM (24+36-3646, mixed mode, sharing, tiered, compressed oops, compressed class ptrs, g1 gc, windows-amd64)
# Problematic frame:
# C  [jniRaylib.dll+0x116e58]
#
# No core dump will be written. Minidumps are not enabled by default on client versions of Windows
#
# If you would like to submit a bug report, please visit:
#   https://bugreport.java.com/bugreport/crash.jsp
# The crash happened outside the Java Virtual Machine in native code.
# See problematic frame for where to report the bug.
#

---------------  S U M M A R Y ------------

Command Line: app.Main

Host: AMD Ryzen 5 1600 Six-Core Processor            , 12 cores, 31G,  Windows 10 , 64 bit Build 19041 (10.0.19041.5794)
Time: Mon Jun  9 21:18:15 2025 Hora oficial do Brasil elapsed time: 0.497540 seconds (0d 0h 0m 0s)

---------------  T H R E A D  ---------------

Current thread (0x00000240787ea640):  JavaThread "main"             [_thread_in_native, id=2572, stack(0x000000fb56900000,0x000000fb56a00000) (1024K)]

Stack: [0x000000fb56900000,0x000000fb56a00000],  sp=0x000000fb569fefa0,  free space=1019k
Native frames: (J=compiled Java code, j=interpreted, Vv=VM code, C=native code)

Java frames: (J=compiled Java code, j=interpreted, Vv=VM code)
j  com.raylib.Raylib.LoadTexture(Ljava/lang/String;)Lcom/raylib/Raylib$Texture;+0
j  jogo.Tabuleiro.<init>()V+13
j  jogo.Jogo.NovoJogo(I)V+5
j  app.Main.main([Ljava/lang/String;)V+12
v  ~StubRoutines::call_stub 0x000002400fd10fcd

siginfo: EXCEPTION_ACCESS_VIOLATION (0xc0000005), data execution prevention violation at address 0x0000000000000000


Registers:
RAX=0x00004ae6d6ca2077, RBX=0x0000000000000007, RCX=0x0000000000000de1, RDX=0x0000000000000000
RSP=0x000000fb569fef98, RBP=0x0000000000000020, RSI=0x0000000000000020, RDI=0x000002401f893330
R8 =0x0000000000000010, R9 =0x0000000000000007, R10=0x0000000000008000, R11=0x000000fb569fefd0
R12=0x0000000000000000, R13=0x000002401f893330, R14=0x0000000000000000, R15=0x0000000000000010
RIP=0x0000000000000000, EFLAGS=0x0000000000010246

XMM[0]=0x0000001000000020 0x000002401f893330
XMM[1]=0x0000000000000000 0x0000000700000001
XMM[2]=0x0000000000000000 0x0000000000000000
XMM[3]=0x0000000000000000 0x0000000000000000
XMM[4]=0x0000000000000000 0x0000000000000000
XMM[5]=0x0000000000000000 0x0000000000000000
XMM[6]=0x0000000000000000 0x0000000000000000
XMM[7]=0x0000000000000000 0x0000000000000000
XMM[8]=0x0000000000000000 0x0000000000000000
XMM[9]=0x0000000000000000 0x0000000000000000
XMM[10]=0x0000000000000000 0x0000000000000000
XMM[11]=0x0000000000000000 0x0000000000000000
XMM[12]=0x0000000000000000 0x0000000000000000
XMM[13]=0x0000000000000000 0x0000000000000000
XMM[14]=0x0000000000000000 0x0000000000000000
XMM[15]=0x0000000000000000 0x0000000000000000
  MXCSR=0x00001fa0


Register to memory mapping:

RAX=0x00004ae6d6ca2077 is an unknown value
RBX=0x0000000000000007 is an unknown value
RCX=0x0000000000000de1 is an unknown value
RDX=0x0 is null
RSP=0x000000fb569fef98 is pointing into the stack for thread: 0x00000240787ea640
RBP=0x0000000000000020 is an unknown value
RSI=0x0000000000000020 is an unknown value
RDI=0x000002401f893330 points into unknown readable memory: 0x0000000000000000 | 00 00 00 00 00 00 00 00
R8 =0x0000000000000010 is an unknown value
R9 =0x0000000000000007 is an unknown value
R10=0x0000000000008000 is an unknown value
R11=0x000000fb569fefd0 is pointing into the stack for thread: 0x00000240787ea640
R12=0x0 is null
R13=0x000002401f893330 points into unknown readable memory: 0x0000000000000000 | 00 00 00 00 00 00 00 00
R14=0x0 is null
R15=0x0000000000000010 is an unknown value

Top of Stack: (sp=0x000000fb569fef98)
0x000000fb569fef98:   00007ffc97a86e58 00000240789b0000   Xn.........x@...
0x000000fb569fefa8:   000000fb569fefc8 00000240787cae60   ...V....`.|x@...
0x000000fb569fefb8:   00007ffd0ffe92e7 0000024000000004   ............@...
0x000000fb569fefc8:   000000fb00000004 00000240787ea640   ........@.~x@...
0x000000fb569fefd8:   0000000000000000 00000240614281b0   ..........Ba@...
0x000000fb569fefe8:   0000000000000000 0000024000000000   ............@...
0x000000fb569feff8:   00007ffd128547b1 0000001000000020   .G...... .......
0x000000fb569ff008:   00000240787c0000 0000000000000000   ..|x@...........
0x000000fb569ff018:   00004ae6d6ca2077 0000000000000000   w ...J..........
0x000000fb569ff028:   0000024000000000 000002401f93dd30   ....@...0...@...
0x000000fb569ff038:   00007ffd0ffdf05b 00000240787ea640   [.......@.~x@...
0x000000fb569ff048:   0000000000000001 00000240614281b0   ..........Ba@...
0x000000fb569ff058:   0000000000000007 000000fb569ff150   ........P..V....
0x000000fb569ff068:   00007ffc97a53f7f 0000000000000000   .?..............
0x000000fb569ff078:   0000024000000000 000000fb569ff150   ....@...P..V....
0x000000fb569ff088:   0000000000000000 0000024000000001   ............@...
0x000000fb569ff098:   0000024061009588 000000fb00000000   ...a@...........
0x000000fb569ff0a8:   00007ffd0ffdfde6 0000000000000000   ................
0x000000fb569ff0b8:   000002401f893330 0000001000000020   03..@... .......
0x000000fb569ff0c8:   0000000700000001 000002401f893330   ........03..@...
0x000000fb569ff0d8:   0000001000000020 0000000700000001    ...............
0x000000fb569ff0e8:   0000024065598350 0000024065598350   P.Ye@...P.Ye@...
0x000000fb569ff0f8:   00000240787eaa08 00000240655984b0   ..~x@.....Ye@...
0x000000fb569ff108:   00007ffc979c097b 000000fb00000101   {...............
0x000000fb569ff118:   00000240614281b8 000000fb569ff200   ..Ba@......V....
0x000000fb569ff128:   00000240787ea640 0000000000000199   @.~x@...........
0x000000fb569ff138:   00000240787ea640 0000024065598350   @.~x@...P.Ye@...
0x000000fb569ff148:   00000240787ea640 0000000000000000   @.~x@...........
0x000000fb569ff158:   0000000000000000 0000024000000000   ............@...
0x000000fb569ff168:   00000240614281b8 000000fb569ff220   ..Ba@... ..V....
0x000000fb569ff178:   00000000000005e0 0000024061009588   ...........a@...
0x000000fb569ff188:   000002400fd1ce20 00000240787eaa08    ...@.....~x@...

Instructions: (pc=0x00007ffc97a86e58)
  0x00007ffc97a86d58:   e8 33 59 07 00 4c 8d 44 24 50 c7 44 24 50 00 00
  0x00007ffc97a86d68:   00 00 ba 84 8b 00 00 8b ce ff 15 39 e6 10 00 48
  0x00007ffc97a86d78:   63 44 24 50 85 c0 7e 4d 48 8b c8 c7 44 24 20 00
  0x00007ffc97a86d88:   00 00 00 ba 01 00 00 00 ff 15 6a 98 08 00 8b 54
  0x00007ffc97a86d98:   24 50 4c 8d 44 24 20 4c 8b c8 8b ce 48 8b d8 ff
  0x00007ffc97a86da8:   15 6b e5 10 00 4c 8b cb 48 8d 15 01 75 09 00 44
  0x00007ffc97a86db8:   8b c6 b9 04 00 00 00 e8 cc 58 07 00 48 8b cb ff
  0x00007ffc97a86dc8:   15 43 98 08 00 8b ce ff 15 0b df 10 00 33 c0 48
  0x00007ffc97a86dd8:   8b 5c 24 40 48 8b 74 24 48 48 83 c4 30 5f c3 48
  0x00007ffc97a86de8:   8d 15 ea 74 09 00 b9 03 00 00 00 e8 98 58 07 00
  0x00007ffc97a86df8:   48 8b 5c 24 40 8b c6 48 8b 74 24 48 48 83 c4 30
  0x00007ffc97a86e08:   5f c3 cc cc cc cc cc cc 40 53 55 41 55 41 56 41
  0x00007ffc97a86e18:   57 48 81 ec a0 00 00 00 48 8b 05 21 b7 10 00 48
  0x00007ffc97a86e28:   33 c4 48 89 44 24 78 8b ea 89 54 24 60 4c 8b e9
  0x00007ffc97a86e38:   44 89 44 24 64 45 33 f6 33 d2 b9 e1 0d 00 00 44
  0x00007ffc97a86e48:   89 74 24 50 41 8b d9 45 8b f8 ff 15 a8 da 10 00
=>0x00007ffc97a86e58:   44 38 35 b0 10 11 00 75 1d 8d 43 f2 83 f8 03 77
  0x00007ffc97a86e68:   15 48 8d 15 d8 6c 09 00 41 8d 4e 04 e8 17 58 07
  0x00007ffc97a86e78:   00 e9 0a 04 00 00 44 38 35 8b 10 11 00 75 19 83
  0x00007ffc97a86e88:   fb 12 75 14 48 8d 15 e5 6c 09 00 8d 4b f2 e8 f5
  0x00007ffc97a86e98:   57 07 00 e9 e8 03 00 00 44 38 35 6a 10 11 00 75
  0x00007ffc97a86ea8:   1e 8d 43 ed 83 f8 01 77 16 48 8d 15 f8 6c 09 00
  0x00007ffc97a86eb8:   b9 04 00 00 00 e8 ce 57 07 00 e9 c1 03 00 00 44
  0x00007ffc97a86ec8:   38 35 44 10 11 00 75 1e 8d 43 eb 83 f8 01 77 16
  0x00007ffc97a86ed8:   48 8d 15 09 6d 09 00 b9 04 00 00 00 e8 a7 57 07
  0x00007ffc97a86ee8:   00 e9 9a 03 00 00 44 38 35 1e 10 11 00 75 1e 8d
  0x00007ffc97a86ef8:   43 e9 83 f8 01 77 16 48 8d 15 1a 6d 09 00 b9 04
  0x00007ffc97a86f08:   00 00 00 e8 80 57 07 00 e9 73 03 00 00 48 89 b4
  0x00007ffc97a86f18:   24 98 00 00 00 ba 01 00 00 00 48 89 bc 24 90 00
  0x00007ffc97a86f28:   00 00 b9 f5 0c 00 00 4c 89 a4 24 88 00 00 00 ff
  0x00007ffc97a86f38:   15 db ec 10 00 48 8d 54 24 50 b9 01 00 00 00 ff
  0x00007ffc97a86f48:   15 03 e1 10 00 8b 54 24 50 b9 e1 0d 00 00 ff 15


Stack slot to memory mapping:

stack at sp + 0 slots: 0x00000240789b0000 points into unknown readable memory: 0x0000000000000000 | 00 00 00 00 00 00 00 00
stack at sp + 1 slots: 0x000000fb569fefc8 is pointing into the stack for thread: 0x00000240787ea640
stack at sp + 2 slots: 0x00000240787cae60 points into unknown readable memory: 0x0000000000000000 | 00 00 00 00 00 00 00 00
stack at sp + 3 slots: 0x00007ffd0ffe92e7 ucrtbase.dll
stack at sp + 4 slots: 0x0000024000000004 points into unknown readable memory: 00 00 01 00
stack at sp + 5 slots: 0x000000fb00000004 is an unknown value
stack at sp + 6 slots: 0x00000240787ea640 is a thread
stack at sp + 7 slots: 0x0 is null

Lock stack of current Java thread (top to bottom):


---------------  P R O C E S S  ---------------

Threads class SMR info:
_java_thread_list=0x0000024065460570, length=14, elements={
0x00000240787ea640, 0x000002407f89b2a0, 0x000002407f89c9f0, 0x000002407f89e7b0,
0x000002407f89f2e0, 0x000002407f8a25c0, 0x000002407f8a3890, 0x000002407f8a6ea0,
0x000002407f8b5920, 0x000002401f88ff50, 0x000002401f8ae020, 0x0000024065355020,
0x000002401f95fb50, 0x00000240654b0360
}

Java Threads: ( => current thread )
=>0x00000240787ea640 JavaThread "main"                              [_thread_in_native, id=2572, stack(0x000000fb56900000,0x000000fb56a00000) (1024K)]
  0x000002407f89b2a0 JavaThread "Reference Handler"          daemon [_thread_blocked, id=14544, stack(0x000000fb57100000,0x000000fb57200000) (1024K)]
  0x000002407f89c9f0 JavaThread "Finalizer"                  daemon [_thread_blocked, id=8888, stack(0x000000fb57200000,0x000000fb57300000) (1024K)]
  0x000002407f89e7b0 JavaThread "Signal Dispatcher"          daemon [_thread_blocked, id=11448, stack(0x000000fb57300000,0x000000fb57400000) (1024K)]
  0x000002407f89f2e0 JavaThread "Attach Listener"            daemon [_thread_blocked, id=17172, stack(0x000000fb57400000,0x000000fb57500000) (1024K)]
  0x000002407f8a25c0 JavaThread "Service Thread"             daemon [_thread_blocked, id=14340, stack(0x000000fb57500000,0x000000fb57600000) (1024K)]
  0x000002407f8a3890 JavaThread "Monitor Deflation Thread"   daemon [_thread_blocked, id=13892, stack(0x000000fb57600000,0x000000fb57700000) (1024K)]
  0x000002407f8a6ea0 JavaThread "C2 CompilerThread0"         daemon [_thread_blocked, id=18824, stack(0x000000fb57700000,0x000000fb57800000) (1024K)]
  0x000002407f8b5920 JavaThread "C1 CompilerThread0"         daemon [_thread_blocked, id=2556, stack(0x000000fb57800000,0x000000fb57900000) (1024K)]
  0x000002401f88ff50 JavaThread "Notification Thread"        daemon [_thread_blocked, id=8016, stack(0x000000fb57900000,0x000000fb57a00000) (1024K)]
  0x000002401f8ae020 JavaThread "Common-Cleaner"             daemon [_thread_blocked, id=532, stack(0x000000fb57a00000,0x000000fb57b00000) (1024K)]
  0x0000024065355020 JavaThread "C2 CompilerThread1"         daemon [_thread_blocked, id=8656, stack(0x000000fb57b00000,0x000000fb57c00000) (1024K)]
  0x000002401f95fb50 JavaThread "JavaCPP Deallocator"        daemon [_thread_blocked, id=14828, stack(0x000000fb57c00000,0x000000fb57d00000) (1024K)]
  0x00000240654b0360 JavaThread "C2 CompilerThread2"         daemon [_thread_blocked, id=17148, stack(0x000000fb57d00000,0x000000fb57e00000) (1024K)]
Total: 14

Other Threads:
  0x000002407f88a5f0 VMThread "VM Thread"                           [id=14732, stack(0x000000fb57000000,0x000000fb57100000) (1024K)]
  0x000002407f87fa30 WatcherThread "VM Periodic Task Thread"        [id=2232, stack(0x000000fb56f00000,0x000000fb57000000) (1024K)]
  0x000002407ad25030 WorkerThread "GC Thread#0"                     [id=5824, stack(0x000000fb56a00000,0x000000fb56b00000) (1024K)]
  0x000002407ad3a980 ConcurrentGCThread "G1 Main Marker"            [id=6724, stack(0x000000fb56b00000,0x000000fb56c00000) (1024K)]
  0x000002407ad3bc30 WorkerThread "G1 Conc#0"                       [id=9708, stack(0x000000fb56c00000,0x000000fb56d00000) (1024K)]
  0x000002407f7c6e40 ConcurrentGCThread "G1 Refine#0"               [id=16376, stack(0x000000fb56d00000,0x000000fb56e00000) (1024K)]
  0x000002407f7ca8e0 ConcurrentGCThread "G1 Service"                [id=8528, stack(0x000000fb56e00000,0x000000fb56f00000) (1024K)]
Total: 7

Threads with active compile tasks:
Total: 0

VM state: not at safepoint (normal execution)

VM Mutex/Monitor currently owned by a thread: None

Heap address: 0x0000000600c00000, size: 8180 MB, Compressed Oops mode: Zero based, Oop shift amount: 3

CDS archive(s) mapped at: [0x0000024020000000-0x0000024020d40000-0x0000024020d40000), size 13893632, SharedBaseAddress: 0x0000024020000000, ArchiveRelocationMode: 1.
Compressed class space mapped at: 0x0000024021000000-0x0000024061000000, reserved size: 1073741824
UseCompressedClassPointers 1, UseCompactObjectHeaders 0
Narrow klass pointer bits 32, Max shift 3
Narrow klass base: 0x0000024020000000, Narrow klass shift: 0
Encoding Range: [0x0000024020000000 - 0x0000024120000000), (4294967296 bytes)
Klass Range:    [0x0000024020000000 - 0x0000024061000000), (1090519040 bytes)
Klass ID Range:  [8 - 1090519033) (1090519025)

GC Precious Log:
 CardTable entry size: 512
 Card Set container configuration: InlinePtr #cards 4 size 8 Array Of Cards #cards 32 size 80 Howl #buckets 8 coarsen threshold 7372 Howl Bitmap #cards 1024 size 144 coarsen threshold 921 Card regions per heap region 1 cards per card region 8192
 CPUs: 12 total, 12 available
 Memory: 32719M
 Large Page Support: Disabled
 NUMA Support: Disabled
 Compressed Oops: Enabled (Zero based)
 Heap Region Size: 4M
 Heap Min Capacity: 8M
 Heap Initial Capacity: 512M
 Heap Max Capacity: 8180M
 Pre-touch: Disabled
 Parallel Workers: 10
 Concurrent Workers: 3
 Concurrent Refinement Workers: 10
 Periodic GC: Disabled

Heap:
 garbage-first heap   total reserved 8376320K, committed 528384K, used 17524K [0x0000000600c00000, 0x0000000800000000)
  region size 4096K, 5 young (20480K), 0 survivors (0K)
 Metaspace       used 2220K, committed 2368K, reserved 1114112K
  class space    used 180K, committed 256K, reserved 1048576K

Heap Regions: E=young(eden), S=young(survivor), O=old, HS=humongous(starts), HC=humongous(continues), CS=collection set, F=free, TAMS=top-at-mark-start, PB=parsable bottom
|   0|0x0000000600c00000, 0x0000000600c00000, 0x0000000601000000|  0%| F|  |TAMS 0x0000000600c00000| PB 0x0000000600c00000| Untracked |  0
|   1|0x0000000601000000, 0x0000000601000000, 0x0000000601400000|  0%| F|  |TAMS 0x0000000601000000| PB 0x0000000601000000| Untracked |  0
|   2|0x0000000601400000, 0x0000000601400000, 0x0000000601800000|  0%| F|  |TAMS 0x0000000601400000| PB 0x0000000601400000| Untracked |  0
|   3|0x0000000601800000, 0x0000000601800000, 0x0000000601c00000|  0%| F|  |TAMS 0x0000000601800000| PB 0x0000000601800000| Untracked |  0
|   4|0x0000000601c00000, 0x0000000601c00000, 0x0000000602000000|  0%| F|  |TAMS 0x0000000601c00000| PB 0x0000000601c00000| Untracked |  0
|   5|0x0000000602000000, 0x0000000602000000, 0x0000000602400000|  0%| F|  |TAMS 0x0000000602000000| PB 0x0000000602000000| Untracked |  0
|   6|0x0000000602400000, 0x0000000602400000, 0x0000000602800000|  0%| F|  |TAMS 0x0000000602400000| PB 0x0000000602400000| Untracked |  0
|   7|0x0000000602800000, 0x0000000602800000, 0x0000000602c00000|  0%| F|  |TAMS 0x0000000602800000| PB 0x0000000602800000| Untracked |  0
|   8|0x0000000602c00000, 0x0000000602c00000, 0x0000000603000000|  0%| F|  |TAMS 0x0000000602c00000| PB 0x0000000602c00000| Untracked |  0
|   9|0x0000000603000000, 0x0000000603000000, 0x0000000603400000|  0%| F|  |TAMS 0x0000000603000000| PB 0x0000000603000000| Untracked |  0
|  10|0x0000000603400000, 0x0000000603400000, 0x0000000603800000|  0%| F|  |TAMS 0x0000000603400000| PB 0x0000000603400000| Untracked |  0
|  11|0x0000000603800000, 0x0000000603800000, 0x0000000603c00000|  0%| F|  |TAMS 0x0000000603800000| PB 0x0000000603800000| Untracked |  0
|  12|0x0000000603c00000, 0x0000000603c00000, 0x0000000604000000|  0%| F|  |TAMS 0x0000000603c00000| PB 0x0000000603c00000| Untracked |  0
|  13|0x0000000604000000, 0x0000000604000000, 0x0000000604400000|  0%| F|  |TAMS 0x0000000604000000| PB 0x0000000604000000| Untracked |  0
|  14|0x0000000604400000, 0x0000000604400000, 0x0000000604800000|  0%| F|  |TAMS 0x0000000604400000| PB 0x0000000604400000| Untracked |  0
|  15|0x0000000604800000, 0x0000000604800000, 0x0000000604c00000|  0%| F|  |TAMS 0x0000000604800000| PB 0x0000000604800000| Untracked |  0
|  16|0x0000000604c00000, 0x0000000604c00000, 0x0000000605000000|  0%| F|  |TAMS 0x0000000604c00000| PB 0x0000000604c00000| Untracked |  0
|  17|0x0000000605000000, 0x0000000605000000, 0x0000000605400000|  0%| F|  |TAMS 0x0000000605000000| PB 0x0000000605000000| Untracked |  0
|  18|0x0000000605400000, 0x0000000605400000, 0x0000000605800000|  0%| F|  |TAMS 0x0000000605400000| PB 0x0000000605400000| Untracked |  0
|  19|0x0000000605800000, 0x0000000605800000, 0x0000000605c00000|  0%| F|  |TAMS 0x0000000605800000| PB 0x0000000605800000| Untracked |  0
|  20|0x0000000605c00000, 0x0000000605c00000, 0x0000000606000000|  0%| F|  |TAMS 0x0000000605c00000| PB 0x0000000605c00000| Untracked |  0
|  21|0x0000000606000000, 0x0000000606000000, 0x0000000606400000|  0%| F|  |TAMS 0x0000000606000000| PB 0x0000000606000000| Untracked |  0
|  22|0x0000000606400000, 0x0000000606400000, 0x0000000606800000|  0%| F|  |TAMS 0x0000000606400000| PB 0x0000000606400000| Untracked |  0
|  23|0x0000000606800000, 0x0000000606800000, 0x0000000606c00000|  0%| F|  |TAMS 0x0000000606800000| PB 0x0000000606800000| Untracked |  0
|  24|0x0000000606c00000, 0x0000000606c00000, 0x0000000607000000|  0%| F|  |TAMS 0x0000000606c00000| PB 0x0000000606c00000| Untracked |  0
|  25|0x0000000607000000, 0x0000000607000000, 0x0000000607400000|  0%| F|  |TAMS 0x0000000607000000| PB 0x0000000607000000| Untracked |  0
|  26|0x0000000607400000, 0x0000000607400000, 0x0000000607800000|  0%| F|  |TAMS 0x0000000607400000| PB 0x0000000607400000| Untracked |  0
|  27|0x0000000607800000, 0x0000000607800000, 0x0000000607c00000|  0%| F|  |TAMS 0x0000000607800000| PB 0x0000000607800000| Untracked |  0
|  28|0x0000000607c00000, 0x0000000607c00000, 0x0000000608000000|  0%| F|  |TAMS 0x0000000607c00000| PB 0x0000000607c00000| Untracked |  0
|  29|0x0000000608000000, 0x0000000608000000, 0x0000000608400000|  0%| F|  |TAMS 0x0000000608000000| PB 0x0000000608000000| Untracked |  0
|  30|0x0000000608400000, 0x0000000608400000, 0x0000000608800000|  0%| F|  |TAMS 0x0000000608400000| PB 0x0000000608400000| Untracked |  0
|  31|0x0000000608800000, 0x0000000608800000, 0x0000000608c00000|  0%| F|  |TAMS 0x0000000608800000| PB 0x0000000608800000| Untracked |  0
|  32|0x0000000608c00000, 0x0000000608c00000, 0x0000000609000000|  0%| F|  |TAMS 0x0000000608c00000| PB 0x0000000608c00000| Untracked |  0
|  33|0x0000000609000000, 0x0000000609000000, 0x0000000609400000|  0%| F|  |TAMS 0x0000000609000000| PB 0x0000000609000000| Untracked |  0
|  34|0x0000000609400000, 0x0000000609400000, 0x0000000609800000|  0%| F|  |TAMS 0x0000000609400000| PB 0x0000000609400000| Untracked |  0
|  35|0x0000000609800000, 0x0000000609800000, 0x0000000609c00000|  0%| F|  |TAMS 0x0000000609800000| PB 0x0000000609800000| Untracked |  0
|  36|0x0000000609c00000, 0x0000000609c00000, 0x000000060a000000|  0%| F|  |TAMS 0x0000000609c00000| PB 0x0000000609c00000| Untracked |  0
|  37|0x000000060a000000, 0x000000060a000000, 0x000000060a400000|  0%| F|  |TAMS 0x000000060a000000| PB 0x000000060a000000| Untracked |  0
|  38|0x000000060a400000, 0x000000060a400000, 0x000000060a800000|  0%| F|  |TAMS 0x000000060a400000| PB 0x000000060a400000| Untracked |  0
|  39|0x000000060a800000, 0x000000060a800000, 0x000000060ac00000|  0%| F|  |TAMS 0x000000060a800000| PB 0x000000060a800000| Untracked |  0
|  40|0x000000060ac00000, 0x000000060ac00000, 0x000000060b000000|  0%| F|  |TAMS 0x000000060ac00000| PB 0x000000060ac00000| Untracked |  0
|  41|0x000000060b000000, 0x000000060b000000, 0x000000060b400000|  0%| F|  |TAMS 0x000000060b000000| PB 0x000000060b000000| Untracked |  0
|  42|0x000000060b400000, 0x000000060b400000, 0x000000060b800000|  0%| F|  |TAMS 0x000000060b400000| PB 0x000000060b400000| Untracked |  0
|  43|0x000000060b800000, 0x000000060b800000, 0x000000060bc00000|  0%| F|  |TAMS 0x000000060b800000| PB 0x000000060b800000| Untracked |  0
|  44|0x000000060bc00000, 0x000000060bc00000, 0x000000060c000000|  0%| F|  |TAMS 0x000000060bc00000| PB 0x000000060bc00000| Untracked |  0
|  45|0x000000060c000000, 0x000000060c000000, 0x000000060c400000|  0%| F|  |TAMS 0x000000060c000000| PB 0x000000060c000000| Untracked |  0
|  46|0x000000060c400000, 0x000000060c400000, 0x000000060c800000|  0%| F|  |TAMS 0x000000060c400000| PB 0x000000060c400000| Untracked |  0
|  47|0x000000060c800000, 0x000000060c800000, 0x000000060cc00000|  0%| F|  |TAMS 0x000000060c800000| PB 0x000000060c800000| Untracked |  0
|  48|0x000000060cc00000, 0x000000060cc00000, 0x000000060d000000|  0%| F|  |TAMS 0x000000060cc00000| PB 0x000000060cc00000| Untracked |  0
|  49|0x000000060d000000, 0x000000060d000000, 0x000000060d400000|  0%| F|  |TAMS 0x000000060d000000| PB 0x000000060d000000| Untracked |  0
|  50|0x000000060d400000, 0x000000060d400000, 0x000000060d800000|  0%| F|  |TAMS 0x000000060d400000| PB 0x000000060d400000| Untracked |  0
|  51|0x000000060d800000, 0x000000060d800000, 0x000000060dc00000|  0%| F|  |TAMS 0x000000060d800000| PB 0x000000060d800000| Untracked |  0
|  52|0x000000060dc00000, 0x000000060dc00000, 0x000000060e000000|  0%| F|  |TAMS 0x000000060dc00000| PB 0x000000060dc00000| Untracked |  0
|  53|0x000000060e000000, 0x000000060e000000, 0x000000060e400000|  0%| F|  |TAMS 0x000000060e000000| PB 0x000000060e000000| Untracked |  0
|  54|0x000000060e400000, 0x000000060e400000, 0x000000060e800000|  0%| F|  |TAMS 0x000000060e400000| PB 0x000000060e400000| Untracked |  0
|  55|0x000000060e800000, 0x000000060e800000, 0x000000060ec00000|  0%| F|  |TAMS 0x000000060e800000| PB 0x000000060e800000| Untracked |  0
|  56|0x000000060ec00000, 0x000000060ec00000, 0x000000060f000000|  0%| F|  |TAMS 0x000000060ec00000| PB 0x000000060ec00000| Untracked |  0
|  57|0x000000060f000000, 0x000000060f000000, 0x000000060f400000|  0%| F|  |TAMS 0x000000060f000000| PB 0x000000060f000000| Untracked |  0
|  58|0x000000060f400000, 0x000000060f400000, 0x000000060f800000|  0%| F|  |TAMS 0x000000060f400000| PB 0x000000060f400000| Untracked |  0
|  59|0x000000060f800000, 0x000000060f800000, 0x000000060fc00000|  0%| F|  |TAMS 0x000000060f800000| PB 0x000000060f800000| Untracked |  0
|  60|0x000000060fc00000, 0x000000060fc00000, 0x0000000610000000|  0%| F|  |TAMS 0x000000060fc00000| PB 0x000000060fc00000| Untracked |  0
|  61|0x0000000610000000, 0x0000000610000000, 0x0000000610400000|  0%| F|  |TAMS 0x0000000610000000| PB 0x0000000610000000| Untracked |  0
|  62|0x0000000610400000, 0x0000000610400000, 0x0000000610800000|  0%| F|  |TAMS 0x0000000610400000| PB 0x0000000610400000| Untracked |  0
|  63|0x0000000610800000, 0x0000000610800000, 0x0000000610c00000|  0%| F|  |TAMS 0x0000000610800000| PB 0x0000000610800000| Untracked |  0
|  64|0x0000000610c00000, 0x0000000610c00000, 0x0000000611000000|  0%| F|  |TAMS 0x0000000610c00000| PB 0x0000000610c00000| Untracked |  0
|  65|0x0000000611000000, 0x0000000611000000, 0x0000000611400000|  0%| F|  |TAMS 0x0000000611000000| PB 0x0000000611000000| Untracked |  0
|  66|0x0000000611400000, 0x0000000611400000, 0x0000000611800000|  0%| F|  |TAMS 0x0000000611400000| PB 0x0000000611400000| Untracked |  0
|  67|0x0000000611800000, 0x0000000611800000, 0x0000000611c00000|  0%| F|  |TAMS 0x0000000611800000| PB 0x0000000611800000| Untracked |  0
|  68|0x0000000611c00000, 0x0000000611c00000, 0x0000000612000000|  0%| F|  |TAMS 0x0000000611c00000| PB 0x0000000611c00000| Untracked |  0
|  69|0x0000000612000000, 0x0000000612000000, 0x0000000612400000|  0%| F|  |TAMS 0x0000000612000000| PB 0x0000000612000000| Untracked |  0
|  70|0x0000000612400000, 0x0000000612400000, 0x0000000612800000|  0%| F|  |TAMS 0x0000000612400000| PB 0x0000000612400000| Untracked |  0
|  71|0x0000000612800000, 0x0000000612800000, 0x0000000612c00000|  0%| F|  |TAMS 0x0000000612800000| PB 0x0000000612800000| Untracked |  0
|  72|0x0000000612c00000, 0x0000000612c00000, 0x0000000613000000|  0%| F|  |TAMS 0x0000000612c00000| PB 0x0000000612c00000| Untracked |  0
|  73|0x0000000613000000, 0x0000000613000000, 0x0000000613400000|  0%| F|  |TAMS 0x0000000613000000| PB 0x0000000613000000| Untracked |  0
|  74|0x0000000613400000, 0x0000000613400000, 0x0000000613800000|  0%| F|  |TAMS 0x0000000613400000| PB 0x0000000613400000| Untracked |  0
|  75|0x0000000613800000, 0x0000000613800000, 0x0000000613c00000|  0%| F|  |TAMS 0x0000000613800000| PB 0x0000000613800000| Untracked |  0
|  76|0x0000000613c00000, 0x0000000613c00000, 0x0000000614000000|  0%| F|  |TAMS 0x0000000613c00000| PB 0x0000000613c00000| Untracked |  0
|  77|0x0000000614000000, 0x0000000614000000, 0x0000000614400000|  0%| F|  |TAMS 0x0000000614000000| PB 0x0000000614000000| Untracked |  0
|  78|0x0000000614400000, 0x0000000614400000, 0x0000000614800000|  0%| F|  |TAMS 0x0000000614400000| PB 0x0000000614400000| Untracked |  0
|  79|0x0000000614800000, 0x0000000614800000, 0x0000000614c00000|  0%| F|  |TAMS 0x0000000614800000| PB 0x0000000614800000| Untracked |  0
|  80|0x0000000614c00000, 0x0000000614c00000, 0x0000000615000000|  0%| F|  |TAMS 0x0000000614c00000| PB 0x0000000614c00000| Untracked |  0
|  81|0x0000000615000000, 0x0000000615000000, 0x0000000615400000|  0%| F|  |TAMS 0x0000000615000000| PB 0x0000000615000000| Untracked |  0
|  82|0x0000000615400000, 0x0000000615400000, 0x0000000615800000|  0%| F|  |TAMS 0x0000000615400000| PB 0x0000000615400000| Untracked |  0
|  83|0x0000000615800000, 0x0000000615800000, 0x0000000615c00000|  0%| F|  |TAMS 0x0000000615800000| PB 0x0000000615800000| Untracked |  0
|  84|0x0000000615c00000, 0x0000000615c00000, 0x0000000616000000|  0%| F|  |TAMS 0x0000000615c00000| PB 0x0000000615c00000| Untracked |  0
|  85|0x0000000616000000, 0x0000000616000000, 0x0000000616400000|  0%| F|  |TAMS 0x0000000616000000| PB 0x0000000616000000| Untracked |  0
|  86|0x0000000616400000, 0x0000000616400000, 0x0000000616800000|  0%| F|  |TAMS 0x0000000616400000| PB 0x0000000616400000| Untracked |  0
|  87|0x0000000616800000, 0x0000000616800000, 0x0000000616c00000|  0%| F|  |TAMS 0x0000000616800000| PB 0x0000000616800000| Untracked |  0
|  88|0x0000000616c00000, 0x0000000616c00000, 0x0000000617000000|  0%| F|  |TAMS 0x0000000616c00000| PB 0x0000000616c00000| Untracked |  0
|  89|0x0000000617000000, 0x0000000617000000, 0x0000000617400000|  0%| F|  |TAMS 0x0000000617000000| PB 0x0000000617000000| Untracked |  0
|  90|0x0000000617400000, 0x0000000617400000, 0x0000000617800000|  0%| F|  |TAMS 0x0000000617400000| PB 0x0000000617400000| Untracked |  0
|  91|0x0000000617800000, 0x0000000617800000, 0x0000000617c00000|  0%| F|  |TAMS 0x0000000617800000| PB 0x0000000617800000| Untracked |  0
|  92|0x0000000617c00000, 0x0000000617c00000, 0x0000000618000000|  0%| F|  |TAMS 0x0000000617c00000| PB 0x0000000617c00000| Untracked |  0
|  93|0x0000000618000000, 0x0000000618000000, 0x0000000618400000|  0%| F|  |TAMS 0x0000000618000000| PB 0x0000000618000000| Untracked |  0
|  94|0x0000000618400000, 0x0000000618400000, 0x0000000618800000|  0%| F|  |TAMS 0x0000000618400000| PB 0x0000000618400000| Untracked |  0
|  95|0x0000000618800000, 0x0000000618800000, 0x0000000618c00000|  0%| F|  |TAMS 0x0000000618800000| PB 0x0000000618800000| Untracked |  0
|  96|0x0000000618c00000, 0x0000000618c00000, 0x0000000619000000|  0%| F|  |TAMS 0x0000000618c00000| PB 0x0000000618c00000| Untracked |  0
|  97|0x0000000619000000, 0x0000000619000000, 0x0000000619400000|  0%| F|  |TAMS 0x0000000619000000| PB 0x0000000619000000| Untracked |  0
|  98|0x0000000619400000, 0x0000000619400000, 0x0000000619800000|  0%| F|  |TAMS 0x0000000619400000| PB 0x0000000619400000| Untracked |  0
|  99|0x0000000619800000, 0x0000000619800000, 0x0000000619c00000|  0%| F|  |TAMS 0x0000000619800000| PB 0x0000000619800000| Untracked |  0
| 100|0x0000000619c00000, 0x0000000619c00000, 0x000000061a000000|  0%| F|  |TAMS 0x0000000619c00000| PB 0x0000000619c00000| Untracked |  0
| 101|0x000000061a000000, 0x000000061a000000, 0x000000061a400000|  0%| F|  |TAMS 0x000000061a000000| PB 0x000000061a000000| Untracked |  0
| 102|0x000000061a400000, 0x000000061a400000, 0x000000061a800000|  0%| F|  |TAMS 0x000000061a400000| PB 0x000000061a400000| Untracked |  0
| 103|0x000000061a800000, 0x000000061a800000, 0x000000061ac00000|  0%| F|  |TAMS 0x000000061a800000| PB 0x000000061a800000| Untracked |  0
| 104|0x000000061ac00000, 0x000000061ac00000, 0x000000061b000000|  0%| F|  |TAMS 0x000000061ac00000| PB 0x000000061ac00000| Untracked |  0
| 105|0x000000061b000000, 0x000000061b000000, 0x000000061b400000|  0%| F|  |TAMS 0x000000061b000000| PB 0x000000061b000000| Untracked |  0
| 106|0x000000061b400000, 0x000000061b400000, 0x000000061b800000|  0%| F|  |TAMS 0x000000061b400000| PB 0x000000061b400000| Untracked |  0
| 107|0x000000061b800000, 0x000000061b800000, 0x000000061bc00000|  0%| F|  |TAMS 0x000000061b800000| PB 0x000000061b800000| Untracked |  0
| 108|0x000000061bc00000, 0x000000061bc00000, 0x000000061c000000|  0%| F|  |TAMS 0x000000061bc00000| PB 0x000000061bc00000| Untracked |  0
| 109|0x000000061c000000, 0x000000061c000000, 0x000000061c400000|  0%| F|  |TAMS 0x000000061c000000| PB 0x000000061c000000| Untracked |  0
| 110|0x000000061c400000, 0x000000061c400000, 0x000000061c800000|  0%| F|  |TAMS 0x000000061c400000| PB 0x000000061c400000| Untracked |  0
| 111|0x000000061c800000, 0x000000061c800000, 0x000000061cc00000|  0%| F|  |TAMS 0x000000061c800000| PB 0x000000061c800000| Untracked |  0
| 112|0x000000061cc00000, 0x000000061cc00000, 0x000000061d000000|  0%| F|  |TAMS 0x000000061cc00000| PB 0x000000061cc00000| Untracked |  0
| 113|0x000000061d000000, 0x000000061d000000, 0x000000061d400000|  0%| F|  |TAMS 0x000000061d000000| PB 0x000000061d000000| Untracked |  0
| 114|0x000000061d400000, 0x000000061d400000, 0x000000061d800000|  0%| F|  |TAMS 0x000000061d400000| PB 0x000000061d400000| Untracked |  0
| 115|0x000000061d800000, 0x000000061d800000, 0x000000061dc00000|  0%| F|  |TAMS 0x000000061d800000| PB 0x000000061d800000| Untracked |  0
| 116|0x000000061dc00000, 0x000000061dc00000, 0x000000061e000000|  0%| F|  |TAMS 0x000000061dc00000| PB 0x000000061dc00000| Untracked |  0
| 117|0x000000061e000000, 0x000000061e000000, 0x000000061e400000|  0%| F|  |TAMS 0x000000061e000000| PB 0x000000061e000000| Untracked |  0
| 118|0x000000061e400000, 0x000000061e400000, 0x000000061e800000|  0%| F|  |TAMS 0x000000061e400000| PB 0x000000061e400000| Untracked |  0
| 119|0x000000061e800000, 0x000000061e800000, 0x000000061ec00000|  0%| F|  |TAMS 0x000000061e800000| PB 0x000000061e800000| Untracked |  0
| 120|0x000000061ec00000, 0x000000061ec00000, 0x000000061f000000|  0%| F|  |TAMS 0x000000061ec00000| PB 0x000000061ec00000| Untracked |  0
| 121|0x000000061f000000, 0x000000061f000000, 0x000000061f400000|  0%| F|  |TAMS 0x000000061f000000| PB 0x000000061f000000| Untracked |  0
| 122|0x000000061f400000, 0x000000061f400000, 0x000000061f800000|  0%| F|  |TAMS 0x000000061f400000| PB 0x000000061f400000| Untracked |  0
| 123|0x000000061f800000, 0x000000061f9eb880, 0x000000061fc00000| 48%| E|  |TAMS 0x000000061f800000| PB 0x000000061f800000| Complete |  0
| 124|0x000000061fc00000, 0x0000000620000000, 0x0000000620000000|100%| E|CS|TAMS 0x000000061fc00000| PB 0x000000061fc00000| Complete |  0
| 125|0x0000000620000000, 0x0000000620400000, 0x0000000620400000|100%| E|CS|TAMS 0x0000000620000000| PB 0x0000000620000000| Complete |  0
| 126|0x0000000620400000, 0x0000000620800000, 0x0000000620800000|100%| E|CS|TAMS 0x0000000620400000| PB 0x0000000620400000| Complete |  0
| 127|0x0000000620800000, 0x0000000620c00000, 0x0000000620c00000|100%| E|CS|TAMS 0x0000000620800000| PB 0x0000000620800000| Complete |  0
|2044|0x00000007ffc00000, 0x00000007ffd1d3c0, 0x0000000800000000| 27%| O|  |TAMS 0x00000007ffc00000| PB 0x00000007ffc00000| Untracked |  0

Card table byte_map: [0x000002407c2c0000,0x000002407d2c0000] _byte_map_base: 0x00000240792ba000

Marking Bits: (CMBitMap*) 0x000002407ad25f50
 Bits: [0x00000240177e0000, 0x000002401f7b0000)

Polling page: 0x0000024078ad0000

Metaspace:

Usage:
  Non-class:      1.99 MB used.
      Class:    180.12 KB used.
       Both:      2.17 MB used.

Virtual space:
  Non-class space:       64.00 MB reserved,       2.06 MB (  3%) committed,  1 nodes.
      Class space:        1.00 GB reserved,     256.00 KB ( <1%) committed,  1 nodes.
             Both:        1.06 GB reserved,       2.31 MB ( <1%) committed. 

Chunk freelists:
   Non-Class:  11.19 MB
       Class:  15.66 MB
        Both:  26.84 MB

MaxMetaspaceSize: unlimited
CompressedClassSpaceSize: 1.00 GB
Initial GC threshold: 21.00 MB
Current GC threshold: 21.00 MB
CDS: on
 - commit_granule_bytes: 65536.
 - commit_granule_words: 8192.
 - virtual_space_node_default_size: 8388608.
 - enlarge_chunks_in_place: 1.
UseCompressedClassPointers 1, UseCompactObjectHeaders 0
Narrow klass pointer bits 32, Max shift 3
Narrow klass base: 0x0000024020000000, Narrow klass shift: 0
Encoding Range: [0x0000024020000000 - 0x0000024120000000), (4294967296 bytes)
Klass Range:    [0x0000024020000000 - 0x0000024061000000), (1090519040 bytes)
Klass ID Range:  [8 - 1090519033) (1090519025)


Internal statistics:

num_allocs_failed_limit: 0.
num_arena_births: 18.
num_arena_deaths: 0.
num_vsnodes_births: 2.
num_vsnodes_deaths: 0.
num_space_committed: 37.
num_space_uncommitted: 0.
num_chunks_returned_to_freelist: 0.
num_chunks_taken_from_freelist: 54.
num_chunk_merges: 0.
num_chunk_splits: 41.
num_chunks_enlarged: 36.
num_inconsistent_stats: 0.

CodeHeap 'non-profiled nmethods': size=120064Kb used=352Kb max_used=352Kb free=119711Kb
 bounds [0x00000240102a0000, 0x0000024010510000, 0x00000240177e0000]
CodeHeap 'profiled nmethods': size=120000Kb used=964Kb max_used=964Kb free=119035Kb
 bounds [0x00000240087e0000, 0x0000024008a50000, 0x000002400fd10000]
CodeHeap 'non-nmethods': size=5696Kb used=1291Kb max_used=1365Kb free=4404Kb
 bounds [0x000002400fd10000, 0x000002400ff80000, 0x00000240102a0000]
CodeCache: size=245760Kb, used=2607Kb, max_used=2681Kb, free=243150Kb
 total_blobs=1128, nmethods=664, adapters=370, full_count=0
Compilation: enabled, stopped_count=0, restarted_count=0

Compilation events (20 events):
Event: 0.488 Thread 0x000002407f8b5920  657       3       java.util.ArrayDeque::peek (5 bytes)
Event: 0.488 Thread 0x000002407f8b5920 nmethod 657 0x00000240088cd788 code [0x00000240088cd8a0, 0x00000240088cdaa8]
Event: 0.488 Thread 0x000002407f8b5920  658       3       java.util.ArrayDeque::peekFirst (12 bytes)
Event: 0.489 Thread 0x000002407f8b5920 nmethod 658 0x00000240088cdb08 code [0x00000240088cdc20, 0x00000240088cddb8]
Event: 0.489 Thread 0x0000024065355020 nmethod 634 0x00000240102eca08 code [0x00000240102ecb20, 0x00000240102ecd28]
Event: 0.489 Thread 0x000002407f8b5920  660   !   3       jdk.internal.loader.BuiltinClassLoader::loadClassOrNull (143 bytes)
Event: 0.489 Thread 0x0000024065355020  659       4       java.lang.Math::min (11 bytes)
Event: 0.489 Thread 0x0000024065355020 nmethod 659 0x00000240102ecd88 code [0x00000240102ece80, 0x00000240102ecef0]
Event: 0.489 Thread 0x0000024065355020  623       4       java.lang.String::<init> (10 bytes)
Event: 0.490 Thread 0x000002407f8b5920 nmethod 660 0x00000240088cde08 code [0x00000240088ce040, 0x00000240088cf0b8]
Event: 0.490 Thread 0x000002407f8b5920  661       3       java.lang.ClassLoader::getClassLoadingLock (35 bytes)
Event: 0.490 Thread 0x000002407f8b5920 nmethod 661 0x00000240088cf188 code [0x00000240088cf2c0, 0x00000240088cf618]
Event: 0.490 Thread 0x000002407f8b5920  662       3       jdk.internal.loader.BuiltinClassLoader::findLoadedModule (33 bytes)
Event: 0.490 Thread 0x000002407f8b5920 nmethod 662 0x00000240088cf688 code [0x00000240088cf820, 0x00000240088d0120]
Event: 0.490 Thread 0x000002407f8b5920  663  s    3       org.bytedeco.javacpp.Loader::putMemberOffset (43 bytes)
Event: 0.490 Thread 0x0000024065355020 nmethod 623 0x00000240102ed088 code [0x00000240102ed1a0, 0x00000240102ed4f8]
Event: 0.490 Thread 0x0000024065355020  624       4       java.net.URLStreamHandler::parseURL (1124 bytes)
Event: 0.491 Thread 0x000002407f8b5920 nmethod 663 0x00000240088d0188 code [0x00000240088d0320, 0x00000240088d0c40]
Event: 0.491 Thread 0x000002407f8b5920  664       3       java.util.jar.JarFile::maybeInstantiateVerifier (42 bytes)
Event: 0.491 Thread 0x000002407f8b5920 nmethod 664 0x00000240088d0d08 code [0x00000240088d0e60, 0x00000240088d11d0]

GC Heap History (0 events):
No events

Dll operation events (20 events):
Event: 0.332 Loaded shared library C:\Program Files\Java\jdk-24\bin\api-ms-win-core-datetime-l1-1-0.dll
Event: 0.338 Loaded shared library C:\Program Files\Java\jdk-24\bin\api-ms-win-core-localization-l1-2-0.dll
Event: 0.344 Loaded shared library C:\Program Files\Java\jdk-24\bin\api-ms-win-core-sysinfo-l1-1-0.dll
Event: 0.350 Loaded shared library C:\Program Files\Java\jdk-24\bin\api-ms-win-core-synch-l1-2-0.dll
Event: 0.357 Loaded shared library C:\Program Files\Java\jdk-24\bin\api-ms-win-core-console-l1-1-0.dll
Event: 0.363 Loaded shared library C:\Program Files\Java\jdk-24\bin\api-ms-win-core-debug-l1-1-0.dll
Event: 0.370 Loaded shared library C:\Program Files\Java\jdk-24\bin\api-ms-win-core-rtlsupport-l1-1-0.dll
Event: 0.377 Loaded shared library C:\Program Files\Java\jdk-24\bin\api-ms-win-core-processthreads-l1-1-1.dll
Event: 0.383 Loaded shared library C:\Program Files\Java\jdk-24\bin\api-ms-win-core-file-l1-2-0.dll
Event: 0.390 Loaded shared library C:\Program Files\Java\jdk-24\bin\api-ms-win-core-profile-l1-1-0.dll
Event: 0.397 Loaded shared library C:\Program Files\Java\jdk-24\bin\api-ms-win-core-memory-l1-1-0.dll
Event: 0.404 Loaded shared library C:\Program Files\Java\jdk-24\bin\api-ms-win-core-util-l1-1-0.dll
Event: 0.411 Loaded shared library C:\Program Files\Java\jdk-24\bin\api-ms-win-core-interlocked-l1-1-0.dll
Event: 0.418 Loaded shared library C:\Program Files\Java\jdk-24\bin\ucrtbase.dll
Event: 0.424 Loaded shared library C:\Program Files\Java\jdk-24\bin\vcruntime140.dll
Event: 0.430 Loaded shared library C:\Program Files\Java\jdk-24\bin\vcruntime140_1.dll
Event: 0.437 Loaded shared library C:\Program Files\Java\jdk-24\bin\msvcp140.dll
Event: 0.444 Loaded shared library C:\Windows\System32\msvcp140_1.dll
Event: 0.450 Loaded shared library C:\Windows\System32\concrt140.dll
Event: 0.457 Loaded shared library C:\Windows\System32\vcomp140.dll

Deoptimization events (20 events):
Event: 0.455 Thread 0x00000240787ea640 Uncommon trap: trap_request=0xffffffde fr.pc=0x00000240102e6a9c relative=0x00000000000000fc
Event: 0.455 Thread 0x00000240787ea640 Uncommon trap: reason=class_check action=maybe_recompile pc=0x00000240102e6a9c method=jdk.internal.misc.Unsafe.allocateUninitializedArray(Ljava/lang/Class;I)Ljava/lang/Object; @ 51 c2
Event: 0.455 Thread 0x00000240787ea640 DEOPT PACKING pc=0x00000240102e6a9c sp=0x000000fb569fc720
Event: 0.455 Thread 0x00000240787ea640 DEOPT UNPACKING pc=0x000002400fe26482 sp=0x000000fb569fc698 mode 2
Event: 0.455 Thread 0x00000240787ea640 Uncommon trap: trap_request=0xffffffde fr.pc=0x00000240102e6a9c relative=0x00000000000000fc
Event: 0.455 Thread 0x00000240787ea640 Uncommon trap: reason=class_check action=maybe_recompile pc=0x00000240102e6a9c method=jdk.internal.misc.Unsafe.allocateUninitializedArray(Ljava/lang/Class;I)Ljava/lang/Object; @ 51 c2
Event: 0.455 Thread 0x00000240787ea640 DEOPT PACKING pc=0x00000240102e6a9c sp=0x000000fb569fc970
Event: 0.455 Thread 0x00000240787ea640 DEOPT UNPACKING pc=0x000002400fe26482 sp=0x000000fb569fc8e8 mode 2
Event: 0.455 Thread 0x00000240787ea640 Uncommon trap: trap_request=0xffffffde fr.pc=0x00000240102e6a9c relative=0x00000000000000fc
Event: 0.455 Thread 0x00000240787ea640 Uncommon trap: reason=class_check action=maybe_recompile pc=0x00000240102e6a9c method=jdk.internal.misc.Unsafe.allocateUninitializedArray(Ljava/lang/Class;I)Ljava/lang/Object; @ 51 c2
Event: 0.455 Thread 0x00000240787ea640 DEOPT PACKING pc=0x00000240102e6a9c sp=0x000000fb569fc970
Event: 0.455 Thread 0x00000240787ea640 DEOPT UNPACKING pc=0x000002400fe26482 sp=0x000000fb569fc8e8 mode 2
Event: 0.455 Thread 0x00000240787ea640 Uncommon trap: trap_request=0xffffffde fr.pc=0x00000240102e6a9c relative=0x00000000000000fc
Event: 0.455 Thread 0x00000240787ea640 Uncommon trap: reason=class_check action=maybe_recompile pc=0x00000240102e6a9c method=jdk.internal.misc.Unsafe.allocateUninitializedArray(Ljava/lang/Class;I)Ljava/lang/Object; @ 51 c2
Event: 0.455 Thread 0x00000240787ea640 DEOPT PACKING pc=0x00000240102e6a9c sp=0x000000fb569fc970
Event: 0.455 Thread 0x00000240787ea640 DEOPT UNPACKING pc=0x000002400fe26482 sp=0x000000fb569fc8e8 mode 2
Event: 0.478 Thread 0x00000240787ea640 Uncommon trap: trap_request=0xffffff4d fr.pc=0x00000240102d7fd0 relative=0x0000000000000c90
Event: 0.478 Thread 0x00000240787ea640 Uncommon trap: reason=unstable_if action=reinterpret pc=0x00000240102d7fd0 method=java.net.URL.<init>(Ljava/net/URL;Ljava/lang/String;Ljava/net/URLStreamHandler;)V @ 253 c2
Event: 0.478 Thread 0x00000240787ea640 DEOPT PACKING pc=0x00000240102d7fd0 sp=0x000000fb569fca60
Event: 0.478 Thread 0x00000240787ea640 DEOPT UNPACKING pc=0x000002400fe26482 sp=0x000000fb569fc9d0 mode 2

Classes loaded (20 events):
Event: 0.177 Loading class java/io/Externalizable done
Event: 0.177 Loading class java/time/zone/Ser done
Event: 0.178 Loading class java/time/zone/ZoneOffsetTransition
Event: 0.178 Loading class java/time/zone/ZoneOffsetTransition done
Event: 0.178 Loading class java/time/Year
Event: 0.179 Loading class java/time/Year done
Event: 0.190 Loading class java/lang/NumberFormatException
Event: 0.190 Loading class java/lang/NumberFormatException done
Event: 0.192 Loading class java/lang/ProcessEnvironment
Event: 0.193 Loading class java/lang/ProcessEnvironment done
Event: 0.193 Loading class java/lang/ProcessEnvironment$NameComparator
Event: 0.193 Loading class java/lang/ProcessEnvironment$NameComparator done
Event: 0.193 Loading class java/lang/ProcessEnvironment$EntryComparator
Event: 0.193 Loading class java/lang/ProcessEnvironment$EntryComparator done
Event: 0.193 Loading class java/lang/ProcessEnvironment$CheckedEntrySet
Event: 0.193 Loading class java/lang/ProcessEnvironment$CheckedEntrySet done
Event: 0.193 Loading class java/lang/ProcessEnvironment$CheckedEntrySet$1
Event: 0.193 Loading class java/lang/ProcessEnvironment$CheckedEntrySet$1 done
Event: 0.193 Loading class java/lang/ProcessEnvironment$CheckedEntry
Event: 0.193 Loading class java/lang/ProcessEnvironment$CheckedEntry done

Classes unloaded (0 events):
No events

Classes redefined (0 events):
No events

Internal exceptions (4 events):
Event: 0.040 Thread 0x00000240787ea640 Exception <a 'java/io/FileNotFoundException'{0x00000006208181b0}> (0x00000006208181b0) 
thrown [s\open\src\hotspot\share\prims\jni.cpp, line 518]
Event: 0.093 Thread 0x00000240787ea640 Exception <a 'java/lang/NoSuchMethodError'{0x0000000620ae9b38}: 'java.lang.Object java.lang.invoke.DirectMethodHandle$Holder.invokeInterface(java.lang.Object, java.lang.Object)'> (0x0000000620ae9b38) 
thrown [s\open\src\hotspot\share\interpreter\linkResolver.cpp, line 805]
Event: 0.100 Thread 0x00000240787ea640 Exception <a 'java/lang/NoSuchMethodError'{0x0000000620b06140}: 'java.lang.Object java.lang.invoke.DirectMethodHandle$Holder.invokeStaticInit(java.lang.Object)'> (0x0000000620b06140) 
thrown [s\open\src\hotspot\share\interpreter\linkResolver.cpp, line 805]
Event: 0.115 Thread 0x00000240787ea640 Exception <a 'java/lang/NoSuchMethodError'{0x0000000620b699e8}: 'void java.lang.invoke.DirectMethodHandle$Holder.invokeSpecial(java.lang.Object, java.lang.Object, java.lang.Object)'> (0x0000000620b699e8) 
thrown [s\open\src\hotspot\share\interpreter\linkResolver.cpp, line 805]

VM Operations (2 events):
Event: 0.193 Executing VM operation: HandshakeAllThreads (Deoptimize)
Event: 0.193 Executing VM operation: HandshakeAllThreads (Deoptimize) done

Memory protections (0 events):
No events

Nmethod flushes (0 events):
No events

Events (14 events):
Event: 0.024 Thread 0x00000240787ea640 Thread added: 0x00000240787ea640
Event: 0.034 Thread 0x00000240787ea640 Thread added: 0x000002407f89b2a0
Event: 0.034 Thread 0x00000240787ea640 Thread added: 0x000002407f89c9f0
Event: 0.034 Thread 0x00000240787ea640 Thread added: 0x000002407f89e7b0
Event: 0.034 Thread 0x00000240787ea640 Thread added: 0x000002407f89f2e0
Event: 0.035 Thread 0x00000240787ea640 Thread added: 0x000002407f8a25c0
Event: 0.035 Thread 0x00000240787ea640 Thread added: 0x000002407f8a3890
Event: 0.035 Thread 0x00000240787ea640 Thread added: 0x000002407f8a6ea0
Event: 0.035 Thread 0x00000240787ea640 Thread added: 0x000002407f8b5920
Event: 0.039 Thread 0x00000240787ea640 Thread added: 0x000002401f88ff50
Event: 0.042 Thread 0x00000240787ea640 Thread added: 0x000002401f8ae020
Event: 0.176 Thread 0x000002407f8b5920 Thread added: 0x0000024065355020
Event: 0.190 Thread 0x00000240787ea640 Thread added: 0x000002401f95fb50
Event: 0.405 Thread 0x000002407f8b5920 Thread added: 0x00000240654b0360


Dynamic libraries:
0x00007ff76f700000 - 0x00007ff76f710000 	C:\Program Files\Java\jdk-24\bin\java.exe
0x00007ffd12830000 - 0x00007ffd12a28000 	C:\Windows\SYSTEM32\ntdll.dll
0x00007ffd10840000 - 0x00007ffd10902000 	C:\Windows\System32\KERNEL32.DLL
0x00007ffd10220000 - 0x00007ffd10516000 	C:\Windows\System32\KERNELBASE.dll
0x00007ffd0ffd0000 - 0x00007ffd100d0000 	C:\Windows\System32\ucrtbase.dll
0x00007ffd06c90000 - 0x00007ffd06cab000 	C:\Program Files\Java\jdk-24\bin\VCRUNTIME140.dll
0x00007ffd06470000 - 0x00007ffd06486000 	C:\Program Files\Java\jdk-24\bin\jli.dll
0x00007ffd11d00000 - 0x00007ffd11e9d000 	C:\Windows\System32\USER32.dll
0x00007ffd101f0000 - 0x00007ffd10212000 	C:\Windows\System32\win32u.dll
0x00007ffcfef60000 - 0x00007ffcff1fa000 	C:\Windows\WinSxS\amd64_microsoft.windows.common-controls_6595b64144ccf1df_6.0.19041.5794_none_60bcd33171f2783c\COMCTL32.dll
0x00007ffd11ea0000 - 0x00007ffd11ecb000 	C:\Windows\System32\GDI32.dll
0x00007ffd11c60000 - 0x00007ffd11cfe000 	C:\Windows\System32\msvcrt.dll
0x00007ffd100d0000 - 0x00007ffd101ea000 	C:\Windows\System32\gdi32full.dll
0x00007ffd0fea0000 - 0x00007ffd0ff3d000 	C:\Windows\System32\msvcp_win.dll
0x00007ffd12060000 - 0x00007ffd1208f000 	C:\Windows\System32\IMM32.DLL
0x00007ffd06460000 - 0x00007ffd0646c000 	C:\Program Files\Java\jdk-24\bin\vcruntime140_1.dll
0x00007ffd05c60000 - 0x00007ffd05cee000 	C:\Program Files\Java\jdk-24\bin\msvcp140.dll
0x00007ffc4b880000 - 0x00007ffc4c622000 	C:\Program Files\Java\jdk-24\bin\server\jvm.dll
0x00007ffd11ed0000 - 0x00007ffd11f7f000 	C:\Windows\System32\ADVAPI32.dll
0x00007ffd125f0000 - 0x00007ffd1268f000 	C:\Windows\System32\sechost.dll
0x00007ffd11500000 - 0x00007ffd11623000 	C:\Windows\System32\RPCRT4.dll
0x00007ffd106a0000 - 0x00007ffd106c7000 	C:\Windows\System32\bcrypt.dll
0x00007ffd11110000 - 0x00007ffd1117b000 	C:\Windows\System32\WS2_32.dll
0x00007ffd0f3e0000 - 0x00007ffd0f42b000 	C:\Windows\SYSTEM32\POWRPROF.dll
0x00007ffd03790000 - 0x00007ffd037b7000 	C:\Windows\SYSTEM32\WINMM.dll
0x00007ffd08890000 - 0x00007ffd0889a000 	C:\Windows\SYSTEM32\VERSION.dll
0x00007ffd0f2a0000 - 0x00007ffd0f2b2000 	C:\Windows\SYSTEM32\UMPDC.dll
0x00007ffd0e6d0000 - 0x00007ffd0e6e2000 	C:\Windows\SYSTEM32\kernel.appcore.dll
0x00007ffd06450000 - 0x00007ffd0645a000 	C:\Program Files\Java\jdk-24\bin\jimage.dll
0x00007ffd0d380000 - 0x00007ffd0d581000 	C:\Windows\SYSTEM32\DBGHELP.DLL
0x00007ffcf72e0000 - 0x00007ffcf7314000 	C:\Windows\SYSTEM32\dbgcore.DLL
0x00007ffd0ff40000 - 0x00007ffd0ffc2000 	C:\Windows\System32\bcryptPrimitives.dll
0x00007ffd05b30000 - 0x00007ffd05b4e000 	C:\Program Files\Java\jdk-24\bin\java.dll
0x00007ffd12090000 - 0x00007ffd121bb000 	C:\Windows\System32\ole32.dll
0x00007ffd12290000 - 0x00007ffd125e3000 	C:\Windows\System32\combase.dll
0x00007ffd10910000 - 0x00007ffd1107e000 	C:\Windows\System32\SHELL32.dll
0x00007ffd0df20000 - 0x00007ffd0e6c3000 	C:\Windows\SYSTEM32\windows.storage.dll
0x00007ffd0f8d0000 - 0x00007ffd0f8fb000 	C:\Windows\SYSTEM32\Wldp.dll
0x00007ffd12690000 - 0x00007ffd1275d000 	C:\Windows\System32\OLEAUT32.dll
0x00007ffd121c0000 - 0x00007ffd1226d000 	C:\Windows\System32\SHCORE.dll
0x00007ffd12760000 - 0x00007ffd127b5000 	C:\Windows\System32\shlwapi.dll
0x00007ffd0fdd0000 - 0x00007ffd0fdf5000 	C:\Windows\SYSTEM32\profapi.dll
0x00007ffcfcd20000 - 0x00007ffcfcdf7000 	C:\Program Files\Java\jdk-24\bin\jsvml.dll
0x00007ffd05ae0000 - 0x00007ffd05af0000 	C:\Program Files\Java\jdk-24\bin\net.dll
0x00007ffd0f630000 - 0x00007ffd0f69c000 	C:\Windows\system32\mswsock.dll
0x00007ffd05ac0000 - 0x00007ffd05ad6000 	C:\Program Files\Java\jdk-24\bin\nio.dll
0x00007ffd05a70000 - 0x00007ffd05a87000 	C:\Program Files\Java\jdk-24\bin\zip.dll
0x00007ffcc7340000 - 0x00007ffcc7468000 	C:\Windows\System32\opengl32.dll
0x00007ffcc6da0000 - 0x00007ffcc6dcc000 	C:\Windows\SYSTEM32\GLU32.dll
0x00007ffc97970000 - 0x00007ffc97bc5000 	C:\Users\iuris\.javacpp\cache\jaylib-5.5.0-2.jar\com\raylib\windows-x86_64\jniRaylib.dll
0x000002401fd20000 - 0x000002401fd24000 	C:\Program Files\Java\jdk-24\bin\api-ms-win-crt-locale-l1-1-0.dll
0x000002401fd30000 - 0x000002401fd35000 	C:\Program Files\Java\jdk-24\bin\api-ms-win-crt-string-l1-1-0.dll
0x000002401fd40000 - 0x000002401fd45000 	C:\Program Files\Java\jdk-24\bin\api-ms-win-crt-stdio-l1-1-0.dll
0x000002401fd50000 - 0x000002401fd56000 	C:\Program Files\Java\jdk-24\bin\api-ms-win-crt-math-l1-1-0.dll
0x000002401fd60000 - 0x000002401fd64000 	C:\Program Files\Java\jdk-24\bin\api-ms-win-crt-heap-l1-1-0.dll
0x000002401fd70000 - 0x000002401fd75000 	C:\Program Files\Java\jdk-24\bin\api-ms-win-crt-runtime-l1-1-0.dll
0x000002401fd80000 - 0x000002401fd85000 	C:\Program Files\Java\jdk-24\bin\api-ms-win-crt-convert-l1-1-0.dll
0x000002401fd90000 - 0x000002401fd94000 	C:\Program Files\Java\jdk-24\bin\api-ms-win-crt-environment-l1-1-0.dll
0x000002401fda0000 - 0x000002401fda4000 	C:\Program Files\Java\jdk-24\bin\api-ms-win-crt-time-l1-1-0.dll
0x000002401fdb0000 - 0x000002401fdb4000 	C:\Program Files\Java\jdk-24\bin\api-ms-win-crt-filesystem-l1-1-0.dll
0x000002401fdc0000 - 0x000002401fdc4000 	C:\Program Files\Java\jdk-24\bin\api-ms-win-crt-utility-l1-1-0.dll
0x000002401fdd0000 - 0x000002401fdd6000 	C:\Program Files\Java\jdk-24\bin\api-ms-win-crt-multibyte-l1-1-0.dll
0x000002401fde0000 - 0x000002401fde4000 	C:\Program Files\Java\jdk-24\bin\api-ms-win-crt-conio-l1-1-0.dll
0x000002401fdf0000 - 0x000002401fe01000 	C:\Program Files\Java\jdk-24\bin\api-ms-win-crt-private-l1-1-0.dll
0x000002401fe10000 - 0x000002401fe14000 	C:\Program Files\Java\jdk-24\bin\api-ms-win-crt-process-l1-1-0.dll
0x000002401fe20000 - 0x000002401fe24000 	C:\Program Files\Java\jdk-24\bin\api-ms-win-core-console-l1-2-0.dll
0x000002401fe30000 - 0x000002401fe34000 	C:\Program Files\Java\jdk-24\bin\api-ms-win-core-string-l1-1-0.dll
0x000002401fe40000 - 0x000002401fe44000 	C:\Program Files\Java\jdk-24\bin\api-ms-win-core-errorhandling-l1-1-0.dll
0x000002401fe50000 - 0x000002401fe54000 	C:\Program Files\Java\jdk-24\bin\api-ms-win-core-timezone-l1-1-0.dll
0x000002401fe60000 - 0x000002401fe65000 	C:\Program Files\Java\jdk-24\bin\api-ms-win-core-file-l1-1-0.dll
0x000002401fe70000 - 0x000002401fe74000 	C:\Program Files\Java\jdk-24\bin\api-ms-win-core-namedpipe-l1-1-0.dll
0x000002401fe80000 - 0x000002401fe84000 	C:\Program Files\Java\jdk-24\bin\api-ms-win-core-handle-l1-1-0.dll
0x000002401fe90000 - 0x000002401fe94000 	C:\Program Files\Java\jdk-24\bin\api-ms-win-core-file-l2-1-0.dll
0x000002401fea0000 - 0x000002401fea4000 	C:\Program Files\Java\jdk-24\bin\api-ms-win-core-heap-l1-1-0.dll
0x000002401feb0000 - 0x000002401feb4000 	C:\Program Files\Java\jdk-24\bin\api-ms-win-core-libraryloader-l1-1-0.dll
0x000002401fec0000 - 0x000002401fec4000 	C:\Program Files\Java\jdk-24\bin\api-ms-win-core-synch-l1-1-0.dll
0x000002401fed0000 - 0x000002401fed4000 	C:\Program Files\Java\jdk-24\bin\api-ms-win-core-processthreads-l1-1-0.dll
0x000002401fee0000 - 0x000002401fee4000 	C:\Program Files\Java\jdk-24\bin\api-ms-win-core-processenvironment-l1-1-0.dll
0x000002401fef0000 - 0x000002401fef4000 	C:\Program Files\Java\jdk-24\bin\api-ms-win-core-datetime-l1-1-0.dll
0x000002401ff00000 - 0x000002401ff04000 	C:\Program Files\Java\jdk-24\bin\api-ms-win-core-localization-l1-2-0.dll
0x000002401ff10000 - 0x000002401ff14000 	C:\Program Files\Java\jdk-24\bin\api-ms-win-core-sysinfo-l1-1-0.dll
0x000002401ff20000 - 0x000002401ff24000 	C:\Program Files\Java\jdk-24\bin\api-ms-win-core-synch-l1-2-0.dll
0x000002401ff30000 - 0x000002401ff34000 	C:\Program Files\Java\jdk-24\bin\api-ms-win-core-console-l1-1-0.dll
0x000002401ff40000 - 0x000002401ff44000 	C:\Program Files\Java\jdk-24\bin\api-ms-win-core-debug-l1-1-0.dll
0x000002401ff50000 - 0x000002401ff54000 	C:\Program Files\Java\jdk-24\bin\api-ms-win-core-rtlsupport-l1-1-0.dll
0x000002401ff60000 - 0x000002401ff64000 	C:\Program Files\Java\jdk-24\bin\api-ms-win-core-processthreads-l1-1-1.dll
0x000002401ff70000 - 0x000002401ff74000 	C:\Program Files\Java\jdk-24\bin\api-ms-win-core-file-l1-2-0.dll
0x000002401ff80000 - 0x000002401ff84000 	C:\Program Files\Java\jdk-24\bin\api-ms-win-core-profile-l1-1-0.dll
0x000002401ff90000 - 0x000002401ff94000 	C:\Program Files\Java\jdk-24\bin\api-ms-win-core-memory-l1-1-0.dll
0x000002401ffa0000 - 0x000002401ffa4000 	C:\Program Files\Java\jdk-24\bin\api-ms-win-core-util-l1-1-0.dll
0x000002401ffb0000 - 0x000002401ffb4000 	C:\Program Files\Java\jdk-24\bin\api-ms-win-core-interlocked-l1-1-0.dll
0x00007ffcf5e10000 - 0x00007ffcf5f21000 	C:\Program Files\Java\jdk-24\bin\ucrtbase.dll
0x00007ffd091e0000 - 0x00007ffd091e9000 	C:\Windows\System32\msvcp140_1.dll
0x00007ffcfead0000 - 0x00007ffcfeb1d000 	C:\Windows\System32\concrt140.dll
0x00007ffd00640000 - 0x00007ffd00670000 	C:\Windows\System32\vcomp140.dll

dbghelp: loaded successfully - version: 4.0.5 - missing functions: none
symbol engine: initialized successfully - sym options: 0x614 - pdb path: .;C:\Program Files\Java\jdk-24\bin;C:\Windows\SYSTEM32;C:\Windows\WinSxS\amd64_microsoft.windows.common-controls_6595b64144ccf1df_6.0.19041.5794_none_60bcd33171f2783c;C:\Program Files\Java\jdk-24\bin\server;C:\Users\iuris\.javacpp\cache\jaylib-5.5.0-2.jar\com\raylib\windows-x86_64

VM Arguments:
java_command: app.Main
java_class_path (initial): lib/jaylib-5.5.0-2.jar;bin
Launcher Type: SUN_STANDARD

[Global flags]
     intx CICompilerCount                          = 4                                         {product} {ergonomic}
     uint ConcGCThreads                            = 3                                         {product} {ergonomic}
     uint G1ConcRefinementThreads                  = 10                                        {product} {ergonomic}
   size_t G1HeapRegionSize                         = 4194304                                   {product} {ergonomic}
   size_t InitialHeapSize                          = 536870912                                 {product} {ergonomic}
   size_t MarkStackSize                            = 4194304                                   {product} {ergonomic}
   size_t MarkStackSizeMax                         = 536870912                                 {product} {ergonomic}
   size_t MaxHeapSize                              = 8577351680                                {product} {ergonomic}
   size_t MaxNewSize                               = 5146411008                                {product} {ergonomic}
   size_t MinHeapDeltaBytes                        = 4194304                                   {product} {ergonomic}
   size_t MinHeapSize                              = 8388608                                   {product} {ergonomic}
    uintx NonNMethodCodeHeapSize                   = 5832704                                {pd product} {ergonomic}
    uintx NonProfiledCodeHeapSize                  = 122945536                              {pd product} {ergonomic}
    uintx ProfiledCodeHeapSize                     = 122880000                              {pd product} {ergonomic}
    uintx ReservedCodeCacheSize                    = 251658240                              {pd product} {ergonomic}
     bool SegmentedCodeCache                       = true                                      {product} {ergonomic}
   size_t SoftMaxHeapSize                          = 8577351680                             {manageable} {ergonomic}
     bool UseCompressedOops                        = true                           {product lp64_product} {ergonomic}
     bool UseG1GC                                  = true                                      {product} {ergonomic}
     bool UseLargePagesIndividualAllocation        = false                                  {pd product} {ergonomic}

Logging:
Log output configuration:
 #0: stdout all=warning uptime,level,tags foldmultilines=false
 #1: stderr all=off uptime,level,tags foldmultilines=false

Environment Variables:
PATH=C:\Program Files\Common Files\Oracle\Java\javapath;C:\Program Files (x86)\Common Files\Oracle\Java\java8path;C:\Program Files (x86)\Common Files\Oracle\Java\javapath;C:\Windows\system32;C:\Windows;C:\Windows\System32\Wbem;C:\Windows\System32\WindowsPowerShell\v1.0\;C:\MinGW\bin\;C:\Windows\System32\OpenSSH\;D:\Program Files\Git\cmd;C:\Program Files\dotnet\;C:\Users\iuris\AppData\Local\Programs\Python\Python311\Scripts\;C:\Users\iuris\AppData\Local\Programs\Python\Python311\;C:\Users\iuris\AppData\Local\Microsoft\WindowsApps;;D:\Program Files\JetBrains\PyCharm Community Edition 2023.2.1\bin;;C:\Users\iuris\AppData\Local\Programs\Microsoft VS Code\bin;C:\Users\iuris\.dotnet\tools;C:\altera\13.1\modelsim_ase\win32aloem
USERNAME=iuris
OS=Windows_NT
PROCESSOR_IDENTIFIER=AMD64 Family 23 Model 8 Stepping 2, AuthenticAMD
TMP=C:\Users\iuris\AppData\Local\Temp
TEMP=C:\Users\iuris\AppData\Local\Temp




Periodic native trim disabled

---------------  S Y S T E M  ---------------

OS:
 Windows 10 , 64 bit Build 19041 (10.0.19041.5794)
OS uptime: 0 days 23:31 hours

CPU: total 12 (initial active 12) (12 cores per cpu, 2 threads per core) family 23 model 8 stepping 2 microcode 0x0, cx8, cmov, fxsr, ht, mmx, 3dnowpref, sse, sse2, sse3, ssse3, sse4a, sse4.1, sse4.2, popcnt, lzcnt, tsc, tscinvbit, avx, avx2, aes, clmul, bmi1, bmi2, adx, sha, fma, vzeroupper, clflush, clflushopt, rdtscp, f16c
Processor Information for the first 12 processors :
  Max Mhz: 3200, Current Mhz: 3200, Mhz Limit: 3200

Memory: 4k page, system-wide physical 32719M (22047M free)
TotalPageFile size 37583M (AvailPageFile size 24035M)
current process WorkingSet (physical memory assigned to process): 77M, peak: 81M
current process commit charge ("private bytes"): 631M, peak: 641M

vm_info: Java HotSpot(TM) 64-Bit Server VM (24+36-3646) for windows-amd64 JRE (24+36-3646), built on 2025-02-06T00:20:43Z with MS VC++ 17.6 (VS2022)

END.
